INFO: [v++ 60-1548] Creating build summary session with primary output D:/Desktop/SpMV/hls_component/hls_component\hls_component.hlscompile_summary, at 01/07/25 19:39:32
INFO: [v++ 82-31] Launching vitis_hls: vitis_hls -nolog -run csynth -work_dir D:/Desktop/SpMV/hls_component/hls_component -config D:/Desktop/SpMV/hls_component/hls_config.cfg -cmdlineconfig D:/Desktop/SpMV/hls_component/hls_component/hls/config.cmdline

****** Vitis HLS - High-Level Synthesis from C, C++ and OpenCL v2024.1 (64-bit)
  **** SW Build 5069499 on May 21 2024
  **** IP Build 5075265 on Wed May 22 21:45:21 MDT 2024
  **** SharedData Build 5076995 on Wed May 22 18:29:18 MDT 2024
  **** Start of session at: Tue Jan  7 19:39:35 2025
    ** Copyright 1986-2022 Xilinx, Inc. All Rights Reserved.
    ** Copyright 2022-2024 Advanced Micro Devices, Inc. All Rights Reserved.

source D:/Xilinx/Vitis_HLS/2024.1/scripts/vitis_hls/hls.tcl -notrace
INFO: [HLS 200-10] For user 'Utente' on host 'laptop-9btr5ocl' (Windows NT_amd64 version 10.0) on Tue Jan 07 19:39:36 +0100 2025
INFO: [HLS 200-10] In directory 'D:/Desktop/SpMV/hls_component'
INFO: [HLS 200-2005] Using work_dir D:/Desktop/SpMV/hls_component/hls_component 
INFO: [HLS 200-1505] Using default flow_target 'vivado'
Resolution: For help on HLS 200-1505 see docs.xilinx.com/access/sources/dita/topic?Doc_Version=2024.1%20English&url=ug1448-hls-guidance&resourceid=200-1505.html
INFO: [HLS 200-1465] Applying ini 'syn.file=D:\Desktop\SpMV\hls_component\SpMV.cpp' from D:/Desktop/SpMV/hls_component/hls_config.cfg(7)
INFO: [HLS 200-10] Adding design file 'D:/Desktop/SpMV/hls_component/SpMV.cpp' to the project
INFO: [HLS 200-1465] Applying ini 'syn.file=D:\Desktop\SpMV\hls_component\SpMV.hpp' from D:/Desktop/SpMV/hls_component/hls_config.cfg(8)
INFO: [HLS 200-10] Adding design file 'D:/Desktop/SpMV/hls_component/SpMV.hpp' to the project
INFO: [HLS 200-1465] Applying ini 'tb.file=testbench.cpp' from D:/Desktop/SpMV/hls_component/hls_config.cfg(9)
INFO: [HLS 200-10] Adding test bench file 'D:/Desktop/SpMV/hls_component/testbench.cpp' to the project
INFO: [HLS 200-1465] Applying ini 'tb.file=input.txt' from D:/Desktop/SpMV/hls_component/hls_config.cfg(10)
INFO: [HLS 200-10] Adding test bench file 'D:/Desktop/SpMV/hls_component/input.txt' to the project
INFO: [HLS 200-1465] Applying ini 'tb.file=testcase.cpp' from D:/Desktop/SpMV/hls_component/hls_config.cfg(11)
INFO: [HLS 200-10] Adding test bench file 'D:/Desktop/SpMV/hls_component/testcase.cpp' to the project
INFO: [HLS 200-1465] Applying ini 'tb.file=testcase.hpp' from D:/Desktop/SpMV/hls_component/hls_config.cfg(12)
INFO: [HLS 200-10] Adding test bench file 'D:/Desktop/SpMV/hls_component/testcase.hpp' to the project
INFO: [HLS 200-1465] Applying ini 'syn.top=SpMV' from D:/Desktop/SpMV/hls_component/hls_config.cfg(13)
INFO: [HLS 200-1465] Applying ini 'flow_target=vivado' from D:/Desktop/SpMV/hls_component/hls_config.cfg(4)
INFO: [HLS 200-1505] Using flow_target 'vivado'
Resolution: For help on HLS 200-1505 see docs.xilinx.com/access/sources/dita/topic?Doc_Version=2024.1%20English&url=ug1448-hls-guidance&resourceid=200-1505.html
INFO: [HLS 200-1465] Applying ini 'part=xc7z020clg400-1' from D:/Desktop/SpMV/hls_component/hls_config.cfg(1)
INFO: [HLS 200-1611] Setting target device to 'xc7z020-clg400-1'
INFO: [HLS 200-1465] Applying ini 'package.output.format=ip_catalog' from D:/Desktop/SpMV/hls_component/hls_config.cfg(5)
INFO: [HLS 200-111] Finished File checks and directory preparation: CPU user time: 1 seconds. CPU system time: 1 seconds. Elapsed time: 2.043 seconds; current allocated memory: 127.512 MB.
INFO: [HLS 200-10] Analyzing design file 'SpMV.cpp' ... 
WARNING: [HLS 207-5292] unused parameter 'numOfCols' (SpMV.cpp:9:16)
INFO: [HLS 200-111] Finished Source Code Analysis and Preprocessing: CPU user time: 0 seconds. CPU system time: 0 seconds. Elapsed time: 4.843 seconds; current allocated memory: 130.488 MB.
INFO: [HLS 200-777] Using interface defaults for 'Vivado' flow target.
INFO: [HLS 200-1995] There were 370 instructions in the design after the 'Compile/Link' phase of compilation. See the Design Size Report for more details: D:/Desktop/SpMV/hls_component/hls_component/hls/syn/report/csynth_design_size.rpt
INFO: [HLS 200-1995] There were 301 instructions in the design after the 'Unroll/Inline (step 1)' phase of compilation. See the Design Size Report for more details: D:/Desktop/SpMV/hls_component/hls_component/hls/syn/report/csynth_design_size.rpt
INFO: [HLS 200-1995] There were 268 instructions in the design after the 'Unroll/Inline (step 2)' phase of compilation. See the Design Size Report for more details: D:/Desktop/SpMV/hls_component/hls_component/hls/syn/report/csynth_design_size.rpt
INFO: [HLS 200-1995] There were 288 instructions in the design after the 'Unroll/Inline (step 3)' phase of compilation. See the Design Size Report for more details: D:/Desktop/SpMV/hls_component/hls_component/hls/syn/report/csynth_design_size.rpt
INFO: [HLS 200-1995] There were 288 instructions in the design after the 'Unroll/Inline (step 4)' phase of compilation. See the Design Size Report for more details: D:/Desktop/SpMV/hls_component/hls_component/hls/syn/report/csynth_design_size.rpt
INFO: [HLS 200-1995] There were 283 instructions in the design after the 'Array/Struct (step 1)' phase of compilation. See the Design Size Report for more details: D:/Desktop/SpMV/hls_component/hls_component/hls/syn/report/csynth_design_size.rpt
INFO: [HLS 200-1995] There were 283 instructions in the design after the 'Array/Struct (step 2)' phase of compilation. See the Design Size Report for more details: D:/Desktop/SpMV/hls_component/hls_component/hls/syn/report/csynth_design_size.rpt
INFO: [HLS 200-1995] There were 283 instructions in the design after the 'Array/Struct (step 3)' phase of compilation. See the Design Size Report for more details: D:/Desktop/SpMV/hls_component/hls_component/hls/syn/report/csynth_design_size.rpt
INFO: [HLS 200-1995] There were 283 instructions in the design after the 'Array/Struct (step 4)' phase of compilation. See the Design Size Report for more details: D:/Desktop/SpMV/hls_component/hls_component/hls/syn/report/csynth_design_size.rpt
INFO: [HLS 200-1995] There were 433 instructions in the design after the 'Array/Struct (step 5)' phase of compilation. See the Design Size Report for more details: D:/Desktop/SpMV/hls_component/hls_component/hls/syn/report/csynth_design_size.rpt
INFO: [HLS 200-1995] There were 433 instructions in the design after the 'Performance (step 1)' phase of compilation. See the Design Size Report for more details: D:/Desktop/SpMV/hls_component/hls_component/hls/syn/report/csynth_design_size.rpt
INFO: [HLS 200-1995] There were 423 instructions in the design after the 'Performance (step 2)' phase of compilation. See the Design Size Report for more details: D:/Desktop/SpMV/hls_component/hls_component/hls/syn/report/csynth_design_size.rpt
INFO: [HLS 200-1995] There were 423 instructions in the design after the 'Performance (step 3)' phase of compilation. See the Design Size Report for more details: D:/Desktop/SpMV/hls_component/hls_component/hls/syn/report/csynth_design_size.rpt
INFO: [HLS 200-1995] There were 423 instructions in the design after the 'Performance (step 4)' phase of compilation. See the Design Size Report for more details: D:/Desktop/SpMV/hls_component/hls_component/hls/syn/report/csynth_design_size.rpt
INFO: [HLS 200-1995] There were 668 instructions in the design after the 'HW Transforms (step 1)' phase of compilation. See the Design Size Report for more details: D:/Desktop/SpMV/hls_component/hls_component/hls/syn/report/csynth_design_size.rpt
INFO: [HLS 200-1995] There were 679 instructions in the design after the 'HW Transforms (step 2)' phase of compilation. See the Design Size Report for more details: D:/Desktop/SpMV/hls_component/hls_component/hls/syn/report/csynth_design_size.rpt
INFO: [HLS 214-186] Unrolling loop 'spmv_loop_external' (SpMV.cpp:25:21) in function 'SpMV' completely with a factor of 10 (SpMV.cpp:14:0)
INFO: [HLS 214-115] Multiple burst reads of variable length and bit width 32 in loop 'spmv_loop_internal'(SpMV.cpp:32:32) has been inferred on bundle 'gmem0'. These burst requests might be further partitioned into multiple requests during RTL generation, based on max_read_burst_length or max_write_burst_length settings. (SpMV.cpp:32:36)
INFO: [HLS 200-111] Finished Compiling Optimization and Transform: CPU user time: 1 seconds. CPU system time: 0 seconds. Elapsed time: 9.681 seconds; current allocated memory: 133.309 MB.
INFO: [HLS 200-111] Finished Checking Pragmas: CPU user time: 0 seconds. CPU system time: 0 seconds. Elapsed time: 0.002 seconds; current allocated memory: 133.309 MB.
INFO: [HLS 200-10] Starting code transformations ...
INFO: [HLS 200-111] Finished Standard Transforms: CPU user time: 0 seconds. CPU system time: 0 seconds. Elapsed time: 0.061 seconds; current allocated memory: 139.461 MB.
INFO: [HLS 200-10] Checking synthesizability ...
INFO: [HLS 200-111] Finished Checking Synthesizability: CPU user time: 0 seconds. CPU system time: 0 seconds. Elapsed time: 0.047 seconds; current allocated memory: 141.406 MB.
INFO: [HLS 200-111] Finished Loop, function and other optimizations: CPU user time: 0 seconds. CPU system time: 0 seconds. Elapsed time: 0.182 seconds; current allocated memory: 165.980 MB.
INFO: [HLS 200-111] Finished Architecture Synthesis: CPU user time: 0 seconds. CPU system time: 0 seconds. Elapsed time: 0.303 seconds; current allocated memory: 248.105 MB.
INFO: [HLS 200-10] Starting hardware synthesis ...
INFO: [HLS 200-10] Synthesizing 'SpMV' ...
INFO: [SYN 201-201] Setting up clock 'default' with a period of 10ns.
INFO: [HLS 200-10] ----------------------------------------------------------------
INFO: [HLS 200-42] -- Implementing module 'SpMV_Pipeline_spmv_loop_internal' 
INFO: [HLS 200-10] ----------------------------------------------------------------
INFO: [SCHED 204-11] Starting scheduling ...
INFO: [SCHED 204-61] Pipelining loop 'spmv_loop_internal'.
WARNING: [HLS 200-885] The II Violation in module 'SpMV_Pipeline_spmv_loop_internal' (loop 'spmv_loop_internal'): Unable to schedule bus request operation ('vector_value_req', SpMV.cpp:39) on port 'gmem1' (SpMV.cpp:39) due to limited memory ports (II = 1). Please consider using a memory core with more ports or partitioning the array.
Resolution: For help on HLS 200-885 see docs.xilinx.com/access/sources/dita/topic?Doc_Version=2024.1%20English&url=ug1448-hls-guidance&resourceid=200-885.html
INFO: [HLS 200-1470] Pipelining result : Target II = 1, Final II = 2, Depth = 25, loop 'spmv_loop_internal'
INFO: [SCHED 204-11] Finished scheduling.
INFO: [HLS 200-111] Finished Scheduling: CPU user time: 1 seconds. CPU system time: 0 seconds. Elapsed time: 0.292 seconds; current allocated memory: 252.238 MB.
INFO: [BIND 205-100] Starting micro-architecture generation ...
INFO: [BIND 205-101] Performing variable lifetime analysis.
INFO: [BIND 205-101] Exploring resource sharing.
INFO: [BIND 205-101] Binding ...
INFO: [BIND 205-100] Finished micro-architecture generation.
INFO: [HLS 200-111] Finished Binding: CPU user time: 0 seconds. CPU system time: 0 seconds. Elapsed time: 0.067 seconds; current allocated memory: 253.422 MB.
INFO: [HLS 200-10] ----------------------------------------------------------------
INFO: [HLS 200-42] -- Implementing module 'SpMV_Pipeline_spmv_loop_internal1' 
INFO: [HLS 200-10] ----------------------------------------------------------------
INFO: [SCHED 204-11] Starting scheduling ...
INFO: [SCHED 204-61] Pipelining loop 'spmv_loop_internal'.
WARNING: [HLS 200-885] The II Violation in module 'SpMV_Pipeline_spmv_loop_internal1' (loop 'spmv_loop_internal'): Unable to schedule bus request operation ('vector_value_1_req', SpMV.cpp:39) on port 'gmem1' (SpMV.cpp:39) due to limited memory ports (II = 1). Please consider using a memory core with more ports or partitioning the array.
Resolution: For help on HLS 200-885 see docs.xilinx.com/access/sources/dita/topic?Doc_Version=2024.1%20English&url=ug1448-hls-guidance&resourceid=200-885.html
INFO: [HLS 200-1470] Pipelining result : Target II = 1, Final II = 2, Depth = 25, loop 'spmv_loop_internal'
INFO: [SCHED 204-11] Finished scheduling.
INFO: [HLS 200-111] Finished Scheduling: CPU user time: 0 seconds. CPU system time: 0 seconds. Elapsed time: 0.111 seconds; current allocated memory: 253.660 MB.
INFO: [BIND 205-100] Starting micro-architecture generation ...
INFO: [BIND 205-101] Performing variable lifetime analysis.
INFO: [BIND 205-101] Exploring resource sharing.
INFO: [BIND 205-101] Binding ...
INFO: [BIND 205-100] Finished micro-architecture generation.
INFO: [HLS 200-111] Finished Binding: CPU user time: 0 seconds. CPU system time: 0 seconds. Elapsed time: 0.077 seconds; current allocated memory: 253.660 MB.
INFO: [HLS 200-10] ----------------------------------------------------------------
INFO: [HLS 200-42] -- Implementing module 'SpMV_Pipeline_spmv_loop_internal2' 
INFO: [HLS 200-10] ----------------------------------------------------------------
INFO: [SCHED 204-11] Starting scheduling ...
INFO: [SCHED 204-61] Pipelining loop 'spmv_loop_internal'.
WARNING: [HLS 200-885] The II Violation in module 'SpMV_Pipeline_spmv_loop_internal2' (loop 'spmv_loop_internal'): Unable to schedule bus request operation ('vector_value_2_req', SpMV.cpp:39) on port 'gmem1' (SpMV.cpp:39) due to limited memory ports (II = 1). Please consider using a memory core with more ports or partitioning the array.
Resolution: For help on HLS 200-885 see docs.xilinx.com/access/sources/dita/topic?Doc_Version=2024.1%20English&url=ug1448-hls-guidance&resourceid=200-885.html
INFO: [HLS 200-1470] Pipelining result : Target II = 1, Final II = 2, Depth = 25, loop 'spmv_loop_internal'
INFO: [SCHED 204-11] Finished scheduling.
INFO: [HLS 200-111] Finished Scheduling: CPU user time: 0 seconds. CPU system time: 0 seconds. Elapsed time: 0.112 seconds; current allocated memory: 253.695 MB.
INFO: [BIND 205-100] Starting micro-architecture generation ...
INFO: [BIND 205-101] Performing variable lifetime analysis.
INFO: [BIND 205-101] Exploring resource sharing.
INFO: [BIND 205-101] Binding ...
INFO: [BIND 205-100] Finished micro-architecture generation.
INFO: [HLS 200-111] Finished Binding: CPU user time: 0 seconds. CPU system time: 0 seconds. Elapsed time: 0.079 seconds; current allocated memory: 253.695 MB.
INFO: [HLS 200-10] ----------------------------------------------------------------
INFO: [HLS 200-42] -- Implementing module 'SpMV_Pipeline_spmv_loop_internal3' 
INFO: [HLS 200-10] ----------------------------------------------------------------
INFO: [SCHED 204-11] Starting scheduling ...
INFO: [SCHED 204-61] Pipelining loop 'spmv_loop_internal'.
WARNING: [HLS 200-885] The II Violation in module 'SpMV_Pipeline_spmv_loop_internal3' (loop 'spmv_loop_internal'): Unable to schedule bus request operation ('vector_value_3_req', SpMV.cpp:39) on port 'gmem1' (SpMV.cpp:39) due to limited memory ports (II = 1). Please consider using a memory core with more ports or partitioning the array.
Resolution: For help on HLS 200-885 see docs.xilinx.com/access/sources/dita/topic?Doc_Version=2024.1%20English&url=ug1448-hls-guidance&resourceid=200-885.html
INFO: [HLS 200-1470] Pipelining result : Target II = 1, Final II = 2, Depth = 25, loop 'spmv_loop_internal'
INFO: [SCHED 204-11] Finished scheduling.
INFO: [HLS 200-111] Finished Scheduling: CPU user time: 0 seconds. CPU system time: 0 seconds. Elapsed time: 0.125 seconds; current allocated memory: 254.184 MB.
INFO: [BIND 205-100] Starting micro-architecture generation ...
INFO: [BIND 205-101] Performing variable lifetime analysis.
INFO: [BIND 205-101] Exploring resource sharing.
INFO: [BIND 205-101] Binding ...
INFO: [BIND 205-100] Finished micro-architecture generation.
INFO: [HLS 200-111] Finished Binding: CPU user time: 0 seconds. CPU system time: 0 seconds. Elapsed time: 0.074 seconds; current allocated memory: 254.238 MB.
INFO: [HLS 200-10] ----------------------------------------------------------------
INFO: [HLS 200-42] -- Implementing module 'SpMV_Pipeline_spmv_loop_internal4' 
INFO: [HLS 200-10] ----------------------------------------------------------------
INFO: [SCHED 204-11] Starting scheduling ...
INFO: [SCHED 204-61] Pipelining loop 'spmv_loop_internal'.
WARNING: [HLS 200-885] The II Violation in module 'SpMV_Pipeline_spmv_loop_internal4' (loop 'spmv_loop_internal'): Unable to schedule bus request operation ('vector_value_4_req', SpMV.cpp:39) on port 'gmem1' (SpMV.cpp:39) due to limited memory ports (II = 1). Please consider using a memory core with more ports or partitioning the array.
Resolution: For help on HLS 200-885 see docs.xilinx.com/access/sources/dita/topic?Doc_Version=2024.1%20English&url=ug1448-hls-guidance&resourceid=200-885.html
INFO: [HLS 200-1470] Pipelining result : Target II = 1, Final II = 2, Depth = 25, loop 'spmv_loop_internal'
INFO: [SCHED 204-11] Finished scheduling.
INFO: [HLS 200-111] Finished Scheduling: CPU user time: 0 seconds. CPU system time: 0 seconds. Elapsed time: 1.494 seconds; current allocated memory: 254.898 MB.
INFO: [BIND 205-100] Starting micro-architecture generation ...
INFO: [BIND 205-101] Performing variable lifetime analysis.
INFO: [BIND 205-101] Exploring resource sharing.
INFO: [BIND 205-101] Binding ...
INFO: [BIND 205-100] Finished micro-architecture generation.
INFO: [HLS 200-111] Finished Binding: CPU user time: 0 seconds. CPU system time: 0 seconds. Elapsed time: 0.066 seconds; current allocated memory: 255.008 MB.
INFO: [HLS 200-10] ----------------------------------------------------------------
INFO: [HLS 200-42] -- Implementing module 'SpMV_Pipeline_spmv_loop_internal5' 
INFO: [HLS 200-10] ----------------------------------------------------------------
INFO: [SCHED 204-11] Starting scheduling ...
INFO: [SCHED 204-61] Pipelining loop 'spmv_loop_internal'.
WARNING: [HLS 200-885] The II Violation in module 'SpMV_Pipeline_spmv_loop_internal5' (loop 'spmv_loop_internal'): Unable to schedule bus request operation ('vector_value_5_req', SpMV.cpp:39) on port 'gmem1' (SpMV.cpp:39) due to limited memory ports (II = 1). Please consider using a memory core with more ports or partitioning the array.
Resolution: For help on HLS 200-885 see docs.xilinx.com/access/sources/dita/topic?Doc_Version=2024.1%20English&url=ug1448-hls-guidance&resourceid=200-885.html
INFO: [HLS 200-1470] Pipelining result : Target II = 1, Final II = 2, Depth = 25, loop 'spmv_loop_internal'
INFO: [SCHED 204-11] Finished scheduling.
INFO: [HLS 200-111] Finished Scheduling: CPU user time: 0 seconds. CPU system time: 0 seconds. Elapsed time: 0.114 seconds; current allocated memory: 255.426 MB.
INFO: [BIND 205-100] Starting micro-architecture generation ...
INFO: [BIND 205-101] Performing variable lifetime analysis.
INFO: [BIND 205-101] Exploring resource sharing.
INFO: [BIND 205-101] Binding ...
INFO: [BIND 205-100] Finished micro-architecture generation.
INFO: [HLS 200-111] Finished Binding: CPU user time: 0 seconds. CPU system time: 0 seconds. Elapsed time: 0.065 seconds; current allocated memory: 255.605 MB.
INFO: [HLS 200-10] ----------------------------------------------------------------
INFO: [HLS 200-42] -- Implementing module 'SpMV_Pipeline_spmv_loop_internal6' 
INFO: [HLS 200-10] ----------------------------------------------------------------
INFO: [SCHED 204-11] Starting scheduling ...
INFO: [SCHED 204-61] Pipelining loop 'spmv_loop_internal'.
WARNING: [HLS 200-885] The II Violation in module 'SpMV_Pipeline_spmv_loop_internal6' (loop 'spmv_loop_internal'): Unable to schedule bus request operation ('vector_value_6_req', SpMV.cpp:39) on port 'gmem1' (SpMV.cpp:39) due to limited memory ports (II = 1). Please consider using a memory core with more ports or partitioning the array.
Resolution: For help on HLS 200-885 see docs.xilinx.com/access/sources/dita/topic?Doc_Version=2024.1%20English&url=ug1448-hls-guidance&resourceid=200-885.html
INFO: [HLS 200-1470] Pipelining result : Target II = 1, Final II = 2, Depth = 25, loop 'spmv_loop_internal'
INFO: [SCHED 204-11] Finished scheduling.
INFO: [HLS 200-111] Finished Scheduling: CPU user time: 0 seconds. CPU system time: 0 seconds. Elapsed time: 0.116 seconds; current allocated memory: 256.078 MB.
INFO: [BIND 205-100] Starting micro-architecture generation ...
INFO: [BIND 205-101] Performing variable lifetime analysis.
INFO: [BIND 205-101] Exploring resource sharing.
INFO: [BIND 205-101] Binding ...
INFO: [BIND 205-100] Finished micro-architecture generation.
INFO: [HLS 200-111] Finished Binding: CPU user time: 0 seconds. CPU system time: 0 seconds. Elapsed time: 0.069 seconds; current allocated memory: 256.176 MB.
INFO: [HLS 200-10] ----------------------------------------------------------------
INFO: [HLS 200-42] -- Implementing module 'SpMV_Pipeline_spmv_loop_internal7' 
INFO: [HLS 200-10] ----------------------------------------------------------------
INFO: [SCHED 204-11] Starting scheduling ...
INFO: [SCHED 204-61] Pipelining loop 'spmv_loop_internal'.
WARNING: [HLS 200-885] The II Violation in module 'SpMV_Pipeline_spmv_loop_internal7' (loop 'spmv_loop_internal'): Unable to schedule bus request operation ('vector_value_7_req', SpMV.cpp:39) on port 'gmem1' (SpMV.cpp:39) due to limited memory ports (II = 1). Please consider using a memory core with more ports or partitioning the array.
Resolution: For help on HLS 200-885 see docs.xilinx.com/access/sources/dita/topic?Doc_Version=2024.1%20English&url=ug1448-hls-guidance&resourceid=200-885.html
INFO: [HLS 200-1470] Pipelining result : Target II = 1, Final II = 2, Depth = 25, loop 'spmv_loop_internal'
INFO: [SCHED 204-11] Finished scheduling.
INFO: [HLS 200-111] Finished Scheduling: CPU user time: 0 seconds. CPU system time: 0 seconds. Elapsed time: 1.57 seconds; current allocated memory: 256.793 MB.
INFO: [BIND 205-100] Starting micro-architecture generation ...
INFO: [BIND 205-101] Performing variable lifetime analysis.
INFO: [BIND 205-101] Exploring resource sharing.
INFO: [BIND 205-101] Binding ...
INFO: [BIND 205-100] Finished micro-architecture generation.
INFO: [HLS 200-111] Finished Binding: CPU user time: 0 seconds. CPU system time: 0 seconds. Elapsed time: 0.089 seconds; current allocated memory: 256.793 MB.
INFO: [HLS 200-10] ----------------------------------------------------------------
INFO: [HLS 200-42] -- Implementing module 'SpMV_Pipeline_spmv_loop_internal8' 
INFO: [HLS 200-10] ----------------------------------------------------------------
INFO: [SCHED 204-11] Starting scheduling ...
INFO: [SCHED 204-61] Pipelining loop 'spmv_loop_internal'.
WARNING: [HLS 200-885] The II Violation in module 'SpMV_Pipeline_spmv_loop_internal8' (loop 'spmv_loop_internal'): Unable to schedule bus request operation ('vector_value_8_req', SpMV.cpp:39) on port 'gmem1' (SpMV.cpp:39) due to limited memory ports (II = 1). Please consider using a memory core with more ports or partitioning the array.
Resolution: For help on HLS 200-885 see docs.xilinx.com/access/sources/dita/topic?Doc_Version=2024.1%20English&url=ug1448-hls-guidance&resourceid=200-885.html
INFO: [HLS 200-1470] Pipelining result : Target II = 1, Final II = 2, Depth = 25, loop 'spmv_loop_internal'
INFO: [SCHED 204-11] Finished scheduling.
INFO: [HLS 200-111] Finished Scheduling: CPU user time: 0 seconds. CPU system time: 0 seconds. Elapsed time: 0.148 seconds; current allocated memory: 257.117 MB.
INFO: [BIND 205-100] Starting micro-architecture generation ...
INFO: [BIND 205-101] Performing variable lifetime analysis.
INFO: [BIND 205-101] Exploring resource sharing.
INFO: [BIND 205-101] Binding ...
INFO: [BIND 205-100] Finished micro-architecture generation.
INFO: [HLS 200-111] Finished Binding: CPU user time: 0 seconds. CPU system time: 0 seconds. Elapsed time: 0.09 seconds; current allocated memory: 257.363 MB.
INFO: [HLS 200-10] ----------------------------------------------------------------
INFO: [HLS 200-42] -- Implementing module 'SpMV_Pipeline_spmv_loop_internal9' 
INFO: [HLS 200-10] ----------------------------------------------------------------
INFO: [SCHED 204-11] Starting scheduling ...
INFO: [SCHED 204-61] Pipelining loop 'spmv_loop_internal'.
WARNING: [HLS 200-885] The II Violation in module 'SpMV_Pipeline_spmv_loop_internal9' (loop 'spmv_loop_internal'): Unable to schedule bus request operation ('vector_value_9_req', SpMV.cpp:39) on port 'gmem1' (SpMV.cpp:39) due to limited memory ports (II = 1). Please consider using a memory core with more ports or partitioning the array.
Resolution: For help on HLS 200-885 see docs.xilinx.com/access/sources/dita/topic?Doc_Version=2024.1%20English&url=ug1448-hls-guidance&resourceid=200-885.html
INFO: [HLS 200-1470] Pipelining result : Target II = 1, Final II = 2, Depth = 25, loop 'spmv_loop_internal'
INFO: [SCHED 204-11] Finished scheduling.
INFO: [HLS 200-111] Finished Scheduling: CPU user time: 1 seconds. CPU system time: 0 seconds. Elapsed time: 0.135 seconds; current allocated memory: 257.797 MB.
INFO: [BIND 205-100] Starting micro-architecture generation ...
INFO: [BIND 205-101] Performing variable lifetime analysis.
INFO: [BIND 205-101] Exploring resource sharing.
INFO: [BIND 205-101] Binding ...
INFO: [BIND 205-100] Finished micro-architecture generation.
INFO: [HLS 200-111] Finished Binding: CPU user time: 0 seconds. CPU system time: 0 seconds. Elapsed time: 1.451 seconds; current allocated memory: 257.844 MB.
INFO: [HLS 200-10] ----------------------------------------------------------------
INFO: [HLS 200-42] -- Implementing module 'SpMV' 
INFO: [HLS 200-10] ----------------------------------------------------------------
INFO: [SCHED 204-11] Starting scheduling ...
INFO: [SCHED 204-11] Finished scheduling.
INFO: [HLS 200-111] Finished Scheduling: CPU user time: 0 seconds. CPU system time: 0 seconds. Elapsed time: 0.33 seconds; current allocated memory: 264.629 MB.
INFO: [BIND 205-100] Starting micro-architecture generation ...
INFO: [BIND 205-101] Performing variable lifetime analysis.
INFO: [BIND 205-101] Exploring resource sharing.
INFO: [BIND 205-101] Binding ...
INFO: [BIND 205-100] Finished micro-architecture generation.
INFO: [HLS 200-111] Finished Binding: CPU user time: 0 seconds. CPU system time: 0 seconds. Elapsed time: 0.228 seconds; current allocated memory: 265.027 MB.
INFO: [HLS 200-10] ----------------------------------------------------------------
INFO: [HLS 200-10] -- Generating RTL for module 'SpMV_Pipeline_spmv_loop_internal' 
INFO: [HLS 200-10] ----------------------------------------------------------------
INFO: [HLS 200-1030] Apply Unified Pipeline Control on module 'SpMV_Pipeline_spmv_loop_internal' pipeline 'spmv_loop_internal' pipeline type 'loop pipeline'
WARNING: [RTGEN 206-101] Setting dangling out port 'SpMV_Pipeline_spmv_loop_internal/m_axi_gmem0_ARVALID' to 0.
WARNING: [RTGEN 206-101] Setting dangling out port 'SpMV_Pipeline_spmv_loop_internal/m_axi_gmem0_ARADDR' to 0.
WARNING: [RTGEN 206-101] Setting dangling out port 'SpMV_Pipeline_spmv_loop_internal/m_axi_gmem0_ARID' to 0.
WARNING: [RTGEN 206-101] Setting dangling out port 'SpMV_Pipeline_spmv_loop_internal/m_axi_gmem0_ARLEN' to 0.
WARNING: [RTGEN 206-101] Setting dangling out port 'SpMV_Pipeline_spmv_loop_internal/m_axi_gmem0_ARSIZE' to 0.
WARNING: [RTGEN 206-101] Setting dangling out port 'SpMV_Pipeline_spmv_loop_internal/m_axi_gmem0_ARBURST' to 0.
WARNING: [RTGEN 206-101] Setting dangling out port 'SpMV_Pipeline_spmv_loop_internal/m_axi_gmem0_ARLOCK' to 0.
WARNING: [RTGEN 206-101] Setting dangling out port 'SpMV_Pipeline_spmv_loop_internal/m_axi_gmem0_ARCACHE' to 0.
WARNING: [RTGEN 206-101] Setting dangling out port 'SpMV_Pipeline_spmv_loop_internal/m_axi_gmem0_ARPROT' to 0.
WARNING: [RTGEN 206-101] Setting dangling out port 'SpMV_Pipeline_spmv_loop_internal/m_axi_gmem0_ARQOS' to 0.
WARNING: [RTGEN 206-101] Setting dangling out port 'SpMV_Pipeline_spmv_loop_internal/m_axi_gmem0_ARREGION' to 0.
WARNING: [RTGEN 206-101] Setting dangling out port 'SpMV_Pipeline_spmv_loop_internal/m_axi_gmem0_ARUSER' to 0.
INFO: [RTGEN 206-100] Generating core module 'mul_32s_32s_32_2_1': 1 instance(s).
INFO: [RTGEN 206-100] Finished creating RTL model for 'SpMV_Pipeline_spmv_loop_internal'.
INFO: [HLS 200-111] Finished Creating RTL model: CPU user time: 0 seconds. CPU system time: 0 seconds. Elapsed time: 0.413 seconds; current allocated memory: 266.730 MB.
INFO: [HLS 200-10] ----------------------------------------------------------------
INFO: [HLS 200-10] -- Generating RTL for module 'SpMV_Pipeline_spmv_loop_internal1' 
INFO: [HLS 200-10] ----------------------------------------------------------------
INFO: [HLS 200-1030] Apply Unified Pipeline Control on module 'SpMV_Pipeline_spmv_loop_internal1' pipeline 'spmv_loop_internal' pipeline type 'loop pipeline'
WARNING: [RTGEN 206-101] Setting dangling out port 'SpMV_Pipeline_spmv_loop_internal1/m_axi_gmem0_ARVALID' to 0.
WARNING: [RTGEN 206-101] Setting dangling out port 'SpMV_Pipeline_spmv_loop_internal1/m_axi_gmem0_ARADDR' to 0.
WARNING: [RTGEN 206-101] Setting dangling out port 'SpMV_Pipeline_spmv_loop_internal1/m_axi_gmem0_ARID' to 0.
WARNING: [RTGEN 206-101] Setting dangling out port 'SpMV_Pipeline_spmv_loop_internal1/m_axi_gmem0_ARLEN' to 0.
WARNING: [RTGEN 206-101] Setting dangling out port 'SpMV_Pipeline_spmv_loop_internal1/m_axi_gmem0_ARSIZE' to 0.
WARNING: [RTGEN 206-101] Setting dangling out port 'SpMV_Pipeline_spmv_loop_internal1/m_axi_gmem0_ARBURST' to 0.
WARNING: [RTGEN 206-101] Setting dangling out port 'SpMV_Pipeline_spmv_loop_internal1/m_axi_gmem0_ARLOCK' to 0.
WARNING: [RTGEN 206-101] Setting dangling out port 'SpMV_Pipeline_spmv_loop_internal1/m_axi_gmem0_ARCACHE' to 0.
WARNING: [RTGEN 206-101] Setting dangling out port 'SpMV_Pipeline_spmv_loop_internal1/m_axi_gmem0_ARPROT' to 0.
WARNING: [RTGEN 206-101] Setting dangling out port 'SpMV_Pipeline_spmv_loop_internal1/m_axi_gmem0_ARQOS' to 0.
WARNING: [RTGEN 206-101] Setting dangling out port 'SpMV_Pipeline_spmv_loop_internal1/m_axi_gmem0_ARREGION' to 0.
WARNING: [RTGEN 206-101] Setting dangling out port 'SpMV_Pipeline_spmv_loop_internal1/m_axi_gmem0_ARUSER' to 0.
INFO: [RTGEN 206-100] Generating core module 'mul_32s_32s_32_2_1': 1 instance(s).
INFO: [RTGEN 206-100] Finished creating RTL model for 'SpMV_Pipeline_spmv_loop_internal1'.
INFO: [HLS 200-111] Finished Creating RTL model: CPU user time: 1 seconds. CPU system time: 0 seconds. Elapsed time: 1.085 seconds; current allocated memory: 269.035 MB.
INFO: [HLS 200-10] ----------------------------------------------------------------
INFO: [HLS 200-10] -- Generating RTL for module 'SpMV_Pipeline_spmv_loop_internal2' 
INFO: [HLS 200-10] ----------------------------------------------------------------
INFO: [HLS 200-1030] Apply Unified Pipeline Control on module 'SpMV_Pipeline_spmv_loop_internal2' pipeline 'spmv_loop_internal' pipeline type 'loop pipeline'
WARNING: [RTGEN 206-101] Setting dangling out port 'SpMV_Pipeline_spmv_loop_internal2/m_axi_gmem0_ARVALID' to 0.
WARNING: [RTGEN 206-101] Setting dangling out port 'SpMV_Pipeline_spmv_loop_internal2/m_axi_gmem0_ARADDR' to 0.
WARNING: [RTGEN 206-101] Setting dangling out port 'SpMV_Pipeline_spmv_loop_internal2/m_axi_gmem0_ARID' to 0.
WARNING: [RTGEN 206-101] Setting dangling out port 'SpMV_Pipeline_spmv_loop_internal2/m_axi_gmem0_ARLEN' to 0.
WARNING: [RTGEN 206-101] Setting dangling out port 'SpMV_Pipeline_spmv_loop_internal2/m_axi_gmem0_ARSIZE' to 0.
WARNING: [RTGEN 206-101] Setting dangling out port 'SpMV_Pipeline_spmv_loop_internal2/m_axi_gmem0_ARBURST' to 0.
WARNING: [RTGEN 206-101] Setting dangling out port 'SpMV_Pipeline_spmv_loop_internal2/m_axi_gmem0_ARLOCK' to 0.
WARNING: [RTGEN 206-101] Setting dangling out port 'SpMV_Pipeline_spmv_loop_internal2/m_axi_gmem0_ARCACHE' to 0.
WARNING: [RTGEN 206-101] Setting dangling out port 'SpMV_Pipeline_spmv_loop_internal2/m_axi_gmem0_ARPROT' to 0.
WARNING: [RTGEN 206-101] Setting dangling out port 'SpMV_Pipeline_spmv_loop_internal2/m_axi_gmem0_ARQOS' to 0.
WARNING: [RTGEN 206-101] Setting dangling out port 'SpMV_Pipeline_spmv_loop_internal2/m_axi_gmem0_ARREGION' to 0.
WARNING: [RTGEN 206-101] Setting dangling out port 'SpMV_Pipeline_spmv_loop_internal2/m_axi_gmem0_ARUSER' to 0.
INFO: [RTGEN 206-100] Generating core module 'mul_32s_32s_32_2_1': 1 instance(s).
INFO: [RTGEN 206-100] Finished creating RTL model for 'SpMV_Pipeline_spmv_loop_internal2'.
INFO: [HLS 200-111] Finished Creating RTL model: CPU user time: 0 seconds. CPU system time: 0 seconds. Elapsed time: 0.362 seconds; current allocated memory: 270.848 MB.
INFO: [HLS 200-10] ----------------------------------------------------------------
INFO: [HLS 200-10] -- Generating RTL for module 'SpMV_Pipeline_spmv_loop_internal3' 
INFO: [HLS 200-10] ----------------------------------------------------------------
INFO: [HLS 200-1030] Apply Unified Pipeline Control on module 'SpMV_Pipeline_spmv_loop_internal3' pipeline 'spmv_loop_internal' pipeline type 'loop pipeline'
WARNING: [RTGEN 206-101] Setting dangling out port 'SpMV_Pipeline_spmv_loop_internal3/m_axi_gmem0_ARVALID' to 0.
WARNING: [RTGEN 206-101] Setting dangling out port 'SpMV_Pipeline_spmv_loop_internal3/m_axi_gmem0_ARADDR' to 0.
WARNING: [RTGEN 206-101] Setting dangling out port 'SpMV_Pipeline_spmv_loop_internal3/m_axi_gmem0_ARID' to 0.
WARNING: [RTGEN 206-101] Setting dangling out port 'SpMV_Pipeline_spmv_loop_internal3/m_axi_gmem0_ARLEN' to 0.
WARNING: [RTGEN 206-101] Setting dangling out port 'SpMV_Pipeline_spmv_loop_internal3/m_axi_gmem0_ARSIZE' to 0.
WARNING: [RTGEN 206-101] Setting dangling out port 'SpMV_Pipeline_spmv_loop_internal3/m_axi_gmem0_ARBURST' to 0.
WARNING: [RTGEN 206-101] Setting dangling out port 'SpMV_Pipeline_spmv_loop_internal3/m_axi_gmem0_ARLOCK' to 0.
WARNING: [RTGEN 206-101] Setting dangling out port 'SpMV_Pipeline_spmv_loop_internal3/m_axi_gmem0_ARCACHE' to 0.
WARNING: [RTGEN 206-101] Setting dangling out port 'SpMV_Pipeline_spmv_loop_internal3/m_axi_gmem0_ARPROT' to 0.
WARNING: [RTGEN 206-101] Setting dangling out port 'SpMV_Pipeline_spmv_loop_internal3/m_axi_gmem0_ARQOS' to 0.
WARNING: [RTGEN 206-101] Setting dangling out port 'SpMV_Pipeline_spmv_loop_internal3/m_axi_gmem0_ARREGION' to 0.
WARNING: [RTGEN 206-101] Setting dangling out port 'SpMV_Pipeline_spmv_loop_internal3/m_axi_gmem0_ARUSER' to 0.
INFO: [RTGEN 206-100] Generating core module 'mul_32s_32s_32_2_1': 1 instance(s).
INFO: [RTGEN 206-100] Finished creating RTL model for 'SpMV_Pipeline_spmv_loop_internal3'.
INFO: [HLS 200-111] Finished Creating RTL model: CPU user time: 0 seconds. CPU system time: 0 seconds. Elapsed time: 1.636 seconds; current allocated memory: 272.648 MB.
INFO: [HLS 200-10] ----------------------------------------------------------------
INFO: [HLS 200-10] -- Generating RTL for module 'SpMV_Pipeline_spmv_loop_internal4' 
INFO: [HLS 200-10] ----------------------------------------------------------------
INFO: [HLS 200-1030] Apply Unified Pipeline Control on module 'SpMV_Pipeline_spmv_loop_internal4' pipeline 'spmv_loop_internal' pipeline type 'loop pipeline'
WARNING: [RTGEN 206-101] Setting dangling out port 'SpMV_Pipeline_spmv_loop_internal4/m_axi_gmem0_ARVALID' to 0.
WARNING: [RTGEN 206-101] Setting dangling out port 'SpMV_Pipeline_spmv_loop_internal4/m_axi_gmem0_ARADDR' to 0.
WARNING: [RTGEN 206-101] Setting dangling out port 'SpMV_Pipeline_spmv_loop_internal4/m_axi_gmem0_ARID' to 0.
WARNING: [RTGEN 206-101] Setting dangling out port 'SpMV_Pipeline_spmv_loop_internal4/m_axi_gmem0_ARLEN' to 0.
WARNING: [RTGEN 206-101] Setting dangling out port 'SpMV_Pipeline_spmv_loop_internal4/m_axi_gmem0_ARSIZE' to 0.
WARNING: [RTGEN 206-101] Setting dangling out port 'SpMV_Pipeline_spmv_loop_internal4/m_axi_gmem0_ARBURST' to 0.
WARNING: [RTGEN 206-101] Setting dangling out port 'SpMV_Pipeline_spmv_loop_internal4/m_axi_gmem0_ARLOCK' to 0.
WARNING: [RTGEN 206-101] Setting dangling out port 'SpMV_Pipeline_spmv_loop_internal4/m_axi_gmem0_ARCACHE' to 0.
WARNING: [RTGEN 206-101] Setting dangling out port 'SpMV_Pipeline_spmv_loop_internal4/m_axi_gmem0_ARPROT' to 0.
WARNING: [RTGEN 206-101] Setting dangling out port 'SpMV_Pipeline_spmv_loop_internal4/m_axi_gmem0_ARQOS' to 0.
WARNING: [RTGEN 206-101] Setting dangling out port 'SpMV_Pipeline_spmv_loop_internal4/m_axi_gmem0_ARREGION' to 0.
WARNING: [RTGEN 206-101] Setting dangling out port 'SpMV_Pipeline_spmv_loop_internal4/m_axi_gmem0_ARUSER' to 0.
INFO: [RTGEN 206-100] Generating core module 'mul_32s_32s_32_2_1': 1 instance(s).
INFO: [RTGEN 206-100] Finished creating RTL model for 'SpMV_Pipeline_spmv_loop_internal4'.
INFO: [HLS 200-111] Finished Creating RTL model: CPU user time: 0 seconds. CPU system time: 0 seconds. Elapsed time: 0.377 seconds; current allocated memory: 275.066 MB.
INFO: [HLS 200-10] ----------------------------------------------------------------
INFO: [HLS 200-10] -- Generating RTL for module 'SpMV_Pipeline_spmv_loop_internal5' 
INFO: [HLS 200-10] ----------------------------------------------------------------
INFO: [HLS 200-1030] Apply Unified Pipeline Control on module 'SpMV_Pipeline_spmv_loop_internal5' pipeline 'spmv_loop_internal' pipeline type 'loop pipeline'
WARNING: [RTGEN 206-101] Setting dangling out port 'SpMV_Pipeline_spmv_loop_internal5/m_axi_gmem0_ARVALID' to 0.
WARNING: [RTGEN 206-101] Setting dangling out port 'SpMV_Pipeline_spmv_loop_internal5/m_axi_gmem0_ARADDR' to 0.
WARNING: [RTGEN 206-101] Setting dangling out port 'SpMV_Pipeline_spmv_loop_internal5/m_axi_gmem0_ARID' to 0.
WARNING: [RTGEN 206-101] Setting dangling out port 'SpMV_Pipeline_spmv_loop_internal5/m_axi_gmem0_ARLEN' to 0.
WARNING: [RTGEN 206-101] Setting dangling out port 'SpMV_Pipeline_spmv_loop_internal5/m_axi_gmem0_ARSIZE' to 0.
WARNING: [RTGEN 206-101] Setting dangling out port 'SpMV_Pipeline_spmv_loop_internal5/m_axi_gmem0_ARBURST' to 0.
WARNING: [RTGEN 206-101] Setting dangling out port 'SpMV_Pipeline_spmv_loop_internal5/m_axi_gmem0_ARLOCK' to 0.
WARNING: [RTGEN 206-101] Setting dangling out port 'SpMV_Pipeline_spmv_loop_internal5/m_axi_gmem0_ARCACHE' to 0.
WARNING: [RTGEN 206-101] Setting dangling out port 'SpMV_Pipeline_spmv_loop_internal5/m_axi_gmem0_ARPROT' to 0.
WARNING: [RTGEN 206-101] Setting dangling out port 'SpMV_Pipeline_spmv_loop_internal5/m_axi_gmem0_ARQOS' to 0.
WARNING: [RTGEN 206-101] Setting dangling out port 'SpMV_Pipeline_spmv_loop_internal5/m_axi_gmem0_ARREGION' to 0.
WARNING: [RTGEN 206-101] Setting dangling out port 'SpMV_Pipeline_spmv_loop_internal5/m_axi_gmem0_ARUSER' to 0.
INFO: [RTGEN 206-100] Generating core module 'mul_32s_32s_32_2_1': 1 instance(s).
INFO: [RTGEN 206-100] Finished creating RTL model for 'SpMV_Pipeline_spmv_loop_internal5'.
INFO: [HLS 200-111] Finished Creating RTL model: CPU user time: 0 seconds. CPU system time: 0 seconds. Elapsed time: 1.611 seconds; current allocated memory: 277.367 MB.
INFO: [HLS 200-10] ----------------------------------------------------------------
INFO: [HLS 200-10] -- Generating RTL for module 'SpMV_Pipeline_spmv_loop_internal6' 
INFO: [HLS 200-10] ----------------------------------------------------------------
INFO: [HLS 200-1030] Apply Unified Pipeline Control on module 'SpMV_Pipeline_spmv_loop_internal6' pipeline 'spmv_loop_internal' pipeline type 'loop pipeline'
WARNING: [RTGEN 206-101] Setting dangling out port 'SpMV_Pipeline_spmv_loop_internal6/m_axi_gmem0_ARVALID' to 0.
WARNING: [RTGEN 206-101] Setting dangling out port 'SpMV_Pipeline_spmv_loop_internal6/m_axi_gmem0_ARADDR' to 0.
WARNING: [RTGEN 206-101] Setting dangling out port 'SpMV_Pipeline_spmv_loop_internal6/m_axi_gmem0_ARID' to 0.
WARNING: [RTGEN 206-101] Setting dangling out port 'SpMV_Pipeline_spmv_loop_internal6/m_axi_gmem0_ARLEN' to 0.
WARNING: [RTGEN 206-101] Setting dangling out port 'SpMV_Pipeline_spmv_loop_internal6/m_axi_gmem0_ARSIZE' to 0.
WARNING: [RTGEN 206-101] Setting dangling out port 'SpMV_Pipeline_spmv_loop_internal6/m_axi_gmem0_ARBURST' to 0.
WARNING: [RTGEN 206-101] Setting dangling out port 'SpMV_Pipeline_spmv_loop_internal6/m_axi_gmem0_ARLOCK' to 0.
WARNING: [RTGEN 206-101] Setting dangling out port 'SpMV_Pipeline_spmv_loop_internal6/m_axi_gmem0_ARCACHE' to 0.
WARNING: [RTGEN 206-101] Setting dangling out port 'SpMV_Pipeline_spmv_loop_internal6/m_axi_gmem0_ARPROT' to 0.
WARNING: [RTGEN 206-101] Setting dangling out port 'SpMV_Pipeline_spmv_loop_internal6/m_axi_gmem0_ARQOS' to 0.
WARNING: [RTGEN 206-101] Setting dangling out port 'SpMV_Pipeline_spmv_loop_internal6/m_axi_gmem0_ARREGION' to 0.
WARNING: [RTGEN 206-101] Setting dangling out port 'SpMV_Pipeline_spmv_loop_internal6/m_axi_gmem0_ARUSER' to 0.
INFO: [RTGEN 206-100] Generating core module 'mul_32s_32s_32_2_1': 1 instance(s).
INFO: [RTGEN 206-100] Finished creating RTL model for 'SpMV_Pipeline_spmv_loop_internal6'.
INFO: [HLS 200-111] Finished Creating RTL model: CPU user time: 1 seconds. CPU system time: 0 seconds. Elapsed time: 0.366 seconds; current allocated memory: 279.086 MB.
INFO: [HLS 200-10] ----------------------------------------------------------------
INFO: [HLS 200-10] -- Generating RTL for module 'SpMV_Pipeline_spmv_loop_internal7' 
INFO: [HLS 200-10] ----------------------------------------------------------------
INFO: [HLS 200-1030] Apply Unified Pipeline Control on module 'SpMV_Pipeline_spmv_loop_internal7' pipeline 'spmv_loop_internal' pipeline type 'loop pipeline'
WARNING: [RTGEN 206-101] Setting dangling out port 'SpMV_Pipeline_spmv_loop_internal7/m_axi_gmem0_ARVALID' to 0.
WARNING: [RTGEN 206-101] Setting dangling out port 'SpMV_Pipeline_spmv_loop_internal7/m_axi_gmem0_ARADDR' to 0.
WARNING: [RTGEN 206-101] Setting dangling out port 'SpMV_Pipeline_spmv_loop_internal7/m_axi_gmem0_ARID' to 0.
WARNING: [RTGEN 206-101] Setting dangling out port 'SpMV_Pipeline_spmv_loop_internal7/m_axi_gmem0_ARLEN' to 0.
WARNING: [RTGEN 206-101] Setting dangling out port 'SpMV_Pipeline_spmv_loop_internal7/m_axi_gmem0_ARSIZE' to 0.
WARNING: [RTGEN 206-101] Setting dangling out port 'SpMV_Pipeline_spmv_loop_internal7/m_axi_gmem0_ARBURST' to 0.
WARNING: [RTGEN 206-101] Setting dangling out port 'SpMV_Pipeline_spmv_loop_internal7/m_axi_gmem0_ARLOCK' to 0.
WARNING: [RTGEN 206-101] Setting dangling out port 'SpMV_Pipeline_spmv_loop_internal7/m_axi_gmem0_ARCACHE' to 0.
WARNING: [RTGEN 206-101] Setting dangling out port 'SpMV_Pipeline_spmv_loop_internal7/m_axi_gmem0_ARPROT' to 0.
WARNING: [RTGEN 206-101] Setting dangling out port 'SpMV_Pipeline_spmv_loop_internal7/m_axi_gmem0_ARQOS' to 0.
WARNING: [RTGEN 206-101] Setting dangling out port 'SpMV_Pipeline_spmv_loop_internal7/m_axi_gmem0_ARREGION' to 0.
WARNING: [RTGEN 206-101] Setting dangling out port 'SpMV_Pipeline_spmv_loop_internal7/m_axi_gmem0_ARUSER' to 0.
INFO: [RTGEN 206-100] Generating core module 'mul_32s_32s_32_2_1': 1 instance(s).
INFO: [RTGEN 206-100] Finished creating RTL model for 'SpMV_Pipeline_spmv_loop_internal7'.
INFO: [HLS 200-111] Finished Creating RTL model: CPU user time: 0 seconds. CPU system time: 0 seconds. Elapsed time: 1.623 seconds; current allocated memory: 281.684 MB.
INFO: [HLS 200-10] ----------------------------------------------------------------
INFO: [HLS 200-10] -- Generating RTL for module 'SpMV_Pipeline_spmv_loop_internal8' 
INFO: [HLS 200-10] ----------------------------------------------------------------
INFO: [HLS 200-1030] Apply Unified Pipeline Control on module 'SpMV_Pipeline_spmv_loop_internal8' pipeline 'spmv_loop_internal' pipeline type 'loop pipeline'
WARNING: [RTGEN 206-101] Setting dangling out port 'SpMV_Pipeline_spmv_loop_internal8/m_axi_gmem0_ARVALID' to 0.
WARNING: [RTGEN 206-101] Setting dangling out port 'SpMV_Pipeline_spmv_loop_internal8/m_axi_gmem0_ARADDR' to 0.
WARNING: [RTGEN 206-101] Setting dangling out port 'SpMV_Pipeline_spmv_loop_internal8/m_axi_gmem0_ARID' to 0.
WARNING: [RTGEN 206-101] Setting dangling out port 'SpMV_Pipeline_spmv_loop_internal8/m_axi_gmem0_ARLEN' to 0.
WARNING: [RTGEN 206-101] Setting dangling out port 'SpMV_Pipeline_spmv_loop_internal8/m_axi_gmem0_ARSIZE' to 0.
WARNING: [RTGEN 206-101] Setting dangling out port 'SpMV_Pipeline_spmv_loop_internal8/m_axi_gmem0_ARBURST' to 0.
WARNING: [RTGEN 206-101] Setting dangling out port 'SpMV_Pipeline_spmv_loop_internal8/m_axi_gmem0_ARLOCK' to 0.
WARNING: [RTGEN 206-101] Setting dangling out port 'SpMV_Pipeline_spmv_loop_internal8/m_axi_gmem0_ARCACHE' to 0.
WARNING: [RTGEN 206-101] Setting dangling out port 'SpMV_Pipeline_spmv_loop_internal8/m_axi_gmem0_ARPROT' to 0.
WARNING: [RTGEN 206-101] Setting dangling out port 'SpMV_Pipeline_spmv_loop_internal8/m_axi_gmem0_ARQOS' to 0.
WARNING: [RTGEN 206-101] Setting dangling out port 'SpMV_Pipeline_spmv_loop_internal8/m_axi_gmem0_ARREGION' to 0.
WARNING: [RTGEN 206-101] Setting dangling out port 'SpMV_Pipeline_spmv_loop_internal8/m_axi_gmem0_ARUSER' to 0.
INFO: [RTGEN 206-100] Generating core module 'mul_32s_32s_32_2_1': 1 instance(s).
INFO: [RTGEN 206-100] Finished creating RTL model for 'SpMV_Pipeline_spmv_loop_internal8'.
INFO: [HLS 200-111] Finished Creating RTL model: CPU user time: 0 seconds. CPU system time: 0 seconds. Elapsed time: 0.365 seconds; current allocated memory: 283.996 MB.
INFO: [HLS 200-10] ----------------------------------------------------------------
INFO: [HLS 200-10] -- Generating RTL for module 'SpMV_Pipeline_spmv_loop_internal9' 
INFO: [HLS 200-10] ----------------------------------------------------------------
INFO: [HLS 200-1030] Apply Unified Pipeline Control on module 'SpMV_Pipeline_spmv_loop_internal9' pipeline 'spmv_loop_internal' pipeline type 'loop pipeline'
WARNING: [RTGEN 206-101] Setting dangling out port 'SpMV_Pipeline_spmv_loop_internal9/m_axi_gmem0_ARVALID' to 0.
WARNING: [RTGEN 206-101] Setting dangling out port 'SpMV_Pipeline_spmv_loop_internal9/m_axi_gmem0_ARADDR' to 0.
WARNING: [RTGEN 206-101] Setting dangling out port 'SpMV_Pipeline_spmv_loop_internal9/m_axi_gmem0_ARID' to 0.
WARNING: [RTGEN 206-101] Setting dangling out port 'SpMV_Pipeline_spmv_loop_internal9/m_axi_gmem0_ARLEN' to 0.
WARNING: [RTGEN 206-101] Setting dangling out port 'SpMV_Pipeline_spmv_loop_internal9/m_axi_gmem0_ARSIZE' to 0.
WARNING: [RTGEN 206-101] Setting dangling out port 'SpMV_Pipeline_spmv_loop_internal9/m_axi_gmem0_ARBURST' to 0.
WARNING: [RTGEN 206-101] Setting dangling out port 'SpMV_Pipeline_spmv_loop_internal9/m_axi_gmem0_ARLOCK' to 0.
WARNING: [RTGEN 206-101] Setting dangling out port 'SpMV_Pipeline_spmv_loop_internal9/m_axi_gmem0_ARCACHE' to 0.
WARNING: [RTGEN 206-101] Setting dangling out port 'SpMV_Pipeline_spmv_loop_internal9/m_axi_gmem0_ARPROT' to 0.
WARNING: [RTGEN 206-101] Setting dangling out port 'SpMV_Pipeline_spmv_loop_internal9/m_axi_gmem0_ARQOS' to 0.
WARNING: [RTGEN 206-101] Setting dangling out port 'SpMV_Pipeline_spmv_loop_internal9/m_axi_gmem0_ARREGION' to 0.
WARNING: [RTGEN 206-101] Setting dangling out port 'SpMV_Pipeline_spmv_loop_internal9/m_axi_gmem0_ARUSER' to 0.
INFO: [RTGEN 206-100] Generating core module 'mul_32s_32s_32_2_1': 1 instance(s).
INFO: [RTGEN 206-100] Finished creating RTL model for 'SpMV_Pipeline_spmv_loop_internal9'.
INFO: [HLS 200-111] Finished Creating RTL model: CPU user time: 0 seconds. CPU system time: 0 seconds. Elapsed time: 1.638 seconds; current allocated memory: 285.484 MB.
INFO: [HLS 200-10] ----------------------------------------------------------------
INFO: [HLS 200-10] -- Generating RTL for module 'SpMV' 
INFO: [HLS 200-10] ----------------------------------------------------------------
WARNING: [RTGEN 206-101] Design contains AXI ports. Reset is fixed to synchronous and active low.
INFO: [RTGEN 206-500] Setting interface mode on port 'SpMV/gmem0' to 'm_axi'.
INFO: [RTGEN 206-500] Setting interface mode on port 'SpMV/gmem1' to 'm_axi'.
INFO: [RTGEN 206-500] Setting interface mode on port 'SpMV/values' to 's_axilite & ap_none'.
INFO: [RTGEN 206-500] Setting interface mode on port 'SpMV/columnIndexes' to 's_axilite & ap_none'.
INFO: [RTGEN 206-500] Setting interface mode on port 'SpMV/rowPointers' to 's_axilite & ap_none'.
INFO: [RTGEN 206-500] Setting interface mode on port 'SpMV/numOfRows' to 'ap_none'.
INFO: [RTGEN 206-500] Setting interface mode on port 'SpMV/numOfCols' to 'ap_none'.
INFO: [RTGEN 206-500] Setting interface mode on port 'SpMV/vector' to 's_axilite & ap_none'.
INFO: [RTGEN 206-500] Setting interface mode on port 'SpMV/output_r' to 'ap_memory'.
INFO: [RTGEN 206-500] Setting interface mode on function 'SpMV' to 'ap_ctrl_hs'.
INFO: [RTGEN 206-100] Bundling port 'values', 'columnIndexes', 'rowPointers' and 'vector' to AXI-Lite port control.
WARNING: [RTGEN 206-101] Port 'SpMV/numOfCols' has no fanin or fanout and is left dangling.
               Please use C simulation to confirm this function argument can be read from or written to.
INFO: [RTGEN 206-100] Generating core module 'mul_32s_32s_32_2_1': 1 instance(s).
INFO: [RTGEN 206-100] Finished creating RTL model for 'SpMV'.
INFO: [HLS 200-111] Finished Creating RTL model: CPU user time: 1 seconds. CPU system time: 1 seconds. Elapsed time: 0.593 seconds; current allocated memory: 298.117 MB.
INFO: [HLS 200-111] Finished Generating all RTL models: CPU user time: 0 seconds. CPU system time: 0 seconds. Elapsed time: 1.109 seconds; current allocated memory: 310.613 MB.
INFO: [HLS 200-1603] Design has inferred MAXI bursts and missed bursts, see Vitis HLS GUI synthesis summary report for detailed information.
INFO: [HLS 200-111] Finished Updating report files: CPU user time: 1 seconds. CPU system time: 0 seconds. Elapsed time: 1.48 seconds; current allocated memory: 320.930 MB.
INFO: [VHDL 208-304] Generating VHDL RTL for SpMV.
INFO: [VLOG 209-307] Generating Verilog RTL for SpMV.
INFO: [HLS 200-790] **** Loop Constraint Status: All loop constraints were NOT satisfied.
INFO: [HLS 200-789] **** Estimated Fmax: 136.99 MHz
INFO: [HLS 200-112] Total CPU user time: 8 seconds. Total CPU system time: 2 seconds. Total elapsed time: 38.12 seconds; peak allocated memory: 320.965 MB.
INFO: [v++ 60-791] Total elapsed time: 0h 0m 43s
