INFO: [v++ 60-1548] Creating build summary session with primary output D:/Desktop/SpMV/hls_component/hls_component\hls_component.hlscompile_summary, at 01/08/25 20:11:00
INFO: [v++ 82-31] Launching vitis_hls: vitis_hls -nolog -run csynth -work_dir D:/Desktop/SpMV/hls_component/hls_component -config D:/Desktop/SpMV/hls_component/hls_config.cfg -cmdlineconfig D:/Desktop/SpMV/hls_component/hls_component/hls/config.cmdline

****** Vitis HLS - High-Level Synthesis from C, C++ and OpenCL v2024.1 (64-bit)
  **** SW Build 5069499 on May 21 2024
  **** IP Build 5075265 on Wed May 22 21:45:21 MDT 2024
  **** SharedData Build 5076995 on Wed May 22 18:29:18 MDT 2024
  **** Start of session at: Wed Jan  8 20:11:02 2025
    ** Copyright 1986-2022 Xilinx, Inc. All Rights Reserved.
    ** Copyright 2022-2024 Advanced Micro Devices, Inc. All Rights Reserved.

source D:/Xilinx/Vitis_HLS/2024.1/scripts/vitis_hls/hls.tcl -notrace
INFO: [HLS 200-10] For user 'Utente' on host 'laptop-9btr5ocl' (Windows NT_amd64 version 10.0) on Wed Jan 08 20:11:03 +0100 2025
INFO: [HLS 200-10] In directory 'D:/Desktop/SpMV/hls_component'
INFO: [HLS 200-2005] Using work_dir D:/Desktop/SpMV/hls_component/hls_component 
INFO: [HLS 200-1505] Using default flow_target 'vivado'
Resolution: For help on HLS 200-1505 see docs.xilinx.com/access/sources/dita/topic?Doc_Version=2024.1%20English&url=ug1448-hls-guidance&resourceid=200-1505.html
INFO: [HLS 200-1465] Applying ini 'syn.file=D:\Desktop\SpMV\hls_component\SpMV.cpp' from D:/Desktop/SpMV/hls_component/hls_config.cfg(7)
INFO: [HLS 200-10] Adding design file 'D:/Desktop/SpMV/hls_component/SpMV.cpp' to the project
INFO: [HLS 200-1465] Applying ini 'syn.file=D:\Desktop\SpMV\hls_component\SpMV.hpp' from D:/Desktop/SpMV/hls_component/hls_config.cfg(8)
INFO: [HLS 200-10] Adding design file 'D:/Desktop/SpMV/hls_component/SpMV.hpp' to the project
INFO: [HLS 200-1465] Applying ini 'tb.file=testbench.cpp' from D:/Desktop/SpMV/hls_component/hls_config.cfg(9)
INFO: [HLS 200-10] Adding test bench file 'D:/Desktop/SpMV/hls_component/testbench.cpp' to the project
INFO: [HLS 200-1465] Applying ini 'tb.file=input.txt' from D:/Desktop/SpMV/hls_component/hls_config.cfg(10)
INFO: [HLS 200-10] Adding test bench file 'D:/Desktop/SpMV/hls_component/input.txt' to the project
INFO: [HLS 200-1465] Applying ini 'tb.file=testcase.cpp' from D:/Desktop/SpMV/hls_component/hls_config.cfg(11)
INFO: [HLS 200-10] Adding test bench file 'D:/Desktop/SpMV/hls_component/testcase.cpp' to the project
INFO: [HLS 200-1465] Applying ini 'tb.file=testcase.hpp' from D:/Desktop/SpMV/hls_component/hls_config.cfg(12)
INFO: [HLS 200-10] Adding test bench file 'D:/Desktop/SpMV/hls_component/testcase.hpp' to the project
INFO: [HLS 200-1465] Applying ini 'syn.top=SpMV' from D:/Desktop/SpMV/hls_component/hls_config.cfg(13)
INFO: [HLS 200-1465] Applying ini 'flow_target=vivado' from D:/Desktop/SpMV/hls_component/hls_config.cfg(4)
INFO: [HLS 200-1505] Using flow_target 'vivado'
Resolution: For help on HLS 200-1505 see docs.xilinx.com/access/sources/dita/topic?Doc_Version=2024.1%20English&url=ug1448-hls-guidance&resourceid=200-1505.html
INFO: [HLS 200-1465] Applying ini 'part=xc7z020clg400-1' from D:/Desktop/SpMV/hls_component/hls_config.cfg(1)
INFO: [HLS 200-1611] Setting target device to 'xc7z020-clg400-1'
INFO: [HLS 200-1465] Applying ini 'package.output.format=ip_catalog' from D:/Desktop/SpMV/hls_component/hls_config.cfg(5)
INFO: [HLS 200-111] Finished File checks and directory preparation: CPU user time: 2 seconds. CPU system time: 1 seconds. Elapsed time: 2.373 seconds; current allocated memory: 128.004 MB.
INFO: [HLS 200-10] Analyzing design file 'SpMV.cpp' ... 
ERROR: [HLS 207-3776] use of undeclared identifier 'ap_start' (SpMV.cpp:29:38)
WARNING: [HLS 207-5556] invalid variable expr  (SpMV.cpp:29:38)
ERROR:  
INFO: [HLS 200-112] Total CPU user time: 2 seconds. Total CPU system time: 1 seconds. Total elapsed time: 3.922 seconds; peak allocated memory: 129.988 MB.
