# 
# Steps log generated by v++
# This log file contains a collection of steps that describe the kernel compilation flow
# Note: Some steps are tagged as internal, these steps are for debugging purposes and 
#       are not expected to be able to run independently.
# 

# The following environment variables are set when running vitis-run
Environment variables :
------------------------------------------
ALLUSERSPROFILE=C:\ProgramData
APPDATA=C:\Users\Utente\AppData\Roaming
arr.length=0
arr.Ubound=-1
CABAL_DIR=C:\cabal
CHARPOP=1
ChocolateyInstall=C:\ProgramData\chocolatey
ChocolateyLastPathUpdate=133727608227545786
ChocolateyToolsLocation=D:\Tools
CMAKE_OBJECT_PATH_MAX=4096
CommonProgramFiles=C:\Program Files\Common Files
CommonProgramFiles(x86)=C:\Program Files (x86)\Common Files
CommonProgramW6432=C:\Program Files\Common Files
COMPUTERNAME=LAPTOP-9BTR5OCL
ComSpec=C:\Windows\system32\cmd.exe
DriverData=C:\Windows\System32\Drivers\DriverData
FPS_BROWSER_APP_PROFILE_STRING=Internet Explorer
FPS_BROWSER_USER_PROFILE_STRING=Default
GRADLE_HOME=C:\ProgramData\chocolatey\lib\gradle\tools\gradle-8.10.2
HDI_APPROOT=D:/Xilinx/Vitis/2024.1
HDI_PROCESSOR=i686
HOMEDRIVE=C:
HOMEPATH=\Users\Utente
HW_SERVER_DJTG_DISABLE=1
HW_SERVER_FTDIMGR_DISABLE=1
IDE_SKIP_SERVER_LICENSE=1
IntelliJ IDEA=D:\Programs\IntelliJ\Idea\bin;
INT_VARIABLE_NAME=XILINX_PATH
ISL_IOSTREAMS_RSA=D:/Xilinx/Vitis/2024.1/tps/isl
IVIROOTDIR32=C:\Program Files (x86)\IVI Foundation\IVI\
IVIROOTDIR64=C:\Program Files\IVI Foundation\IVI\
JAVA_EXE=D:/Xilinx\Vitis\2024.1\tps\win64\jre11.0.16_1\bin\java.exe
JAVA_HOME=D:/Xilinx\Vitis\2024.1\tps\win64\jre11.0.16_1
LC_NUMERIC=C
LOCALAPPDATA=C:\Users\Utente\AppData\Local
LOGONSERVER=\\LAPTOP-9BTR5OCL
LOPPER_DTC_FLAGS=-b 0 -@
NOSPLASH=false
NUMBER_OF_PROCESSORS=16
OneDrive=D:\OneDrive - Politecnico di Milano
OneDriveCommercial=D:\OneDrive - Politecnico di Milano
OneDriveConsumer=C:\Users\Utente\OneDrive
ORIGINAL_XDG_CURRENT_DESKTOP=undefined
OS=Windows_NT
PATH=D:/Xilinx/Vivado/2024.1/tps/win64/binutils-2.26/bin;D:/Xilinx/Vitis/2024.1/bin/../gnu/aarch64/nt/aarch64-linux/bin;D:/Xilinx/Vitis/2024.1/bin/../gnu/ppc64le/4.9.3/win64/bin;D:/Xilinx/Vitis/2024.1/bin/../gnu/aarch32/nt/gcc-arm-linux-gnueabi/bin;D:/Xilinx\Vitis_HLS\2024.1/tps/mingw/6.2.0/win64.o/nt/bin;D:/Xilinx/Vivado/2024.1\gnuwin\bin;D:/Xilinx/Vivado/2024.1\gnu\microblaze\nt\bin;D:/Xilinx/Vitis/2024.1/bin;D:/Xilinx/Vitis/2024.1/tps/win64/java-cef-95.0.4638.69/bin/lib/win64;D:/Xilinx/Vitis/2024.1/tps/win64/javafx-sdk-11.0.2/lib;D:/Xilinx/Vitis/2024.1/tps/win64/javafx-sdk-11.0.2/bin;D:/Xilinx/Vitis/2024.1/lib/win64.o;D:/Xilinx/Vitis/2024.1/tps/win64/jre11.0.16_1/bin/server;D:/Xilinx/Vitis/2024.1/tps/win64/jre11.0.16_1/bin;D:\Xilinx\Vitis\2024.1\tps\win64\lopper-1.1.0-packages\min_sdk\\usr\bin;D:/Xilinx\Vitis\2024.1\tps\win64\cmake-3.24.2\bin;D:/Xilinx\Vitis\2024.1\gnu\microblaze\nt\bin;D:/Xilinx\Vitis\2024.1\gnu\microblaze\linux_toolchain\nt64_le\bin;D:/Xilinx\Vitis\2024.1\gnu\aarch32\nt\gcc-arm-linux-gnueabi\bin;D:/Xilinx\Vitis\2024.1\gnu\aarch32\nt\gcc-arm-none-eabi\bin;D:/Xilinx\Vitis\2024.1\gnu\aarch64\nt\aarch64-linux\bin;D:/Xilinx\Vitis\2024.1\gnu\aarch64\nt\aarch64-none\bin;D:/Xilinx\Vitis\2024.1\gnu\armr5\nt\gcc-arm-none-eabi\bin;D:/Xilinx\Vitis\2024.1\gnuwin\bin;D:/Xilinx\Vitis\2024.1\tps\win64\python-3.8.3;D:/Xilinx\Vitis\2024.1\tps\win64\libxslt\bin;D:/Xilinx/Vivado/2024.1\bin;D:/Xilinx/Vitis/2024.1\gnu\arm\nt\bin;D:/Xilinx/Vitis/2024.1\gnu\microblaze\linux_toolchain\nt64_be\bin;D:/Xilinx/Vitis/2024.1\gnu\riscv\nt\riscv64-unknown-elf\bin;D:/Xilinx/Vitis/2024.1\tps\win64\git-2.16.2\bin;D:/Xilinx/Vitis/2024.1\win64\tools\clang\bin;D:/Xilinx\Vitis_HLS\2024.1\lib\win64.o;D:/Xilinx\Vitis_HLS\2024.1\bin;D:/Xilinx/Vivado/2024.1  /bin;/bin;C:\Python310\Scripts\;C:\Python310\;C:\Program Files\Common Files\Oracle\Java\javapath;C:\Program Files (x86)\Common Files\Oracle\Java\java8path;C:\Program Files (x86)\Common Files\Oracle\Java\javapath;C:\Windows\system32;C:\Windows;C:\Windows\System32\Wbem;C:\Windows\System32\WindowsPowerShell\v1.0\;C:\Windows\System32\OpenSSH\;D:\Programs\flutter\bin;C:\Users\Utente\AppData\Local\Android\Sdk\platform-tools;D:\Programs\xampp\mysql\bin;C:\ProgramData\chocolatey\bin;C:\Program Files\NASM;C:\Program Files\qemu;D:\Programs\Dosbox;D:\Programs;C:\Program Files\WireGuard\;C:\Program Files\Wolfram Research\WolframScript\;C:\Program Files (x86)\IVI Foundation\VISA\WinNT\Bin\;C:\Program Files\IVI Foundation\VISA\Win64\Bin\;C:\Program Files (x86)\IVI Foundation\IVI\Bin\;C:\Program Files\IVI Foundation\IVI\Bin\;C:\Program Files\dotnet\;D:\Tools\winfetch;C:\Program Files\usbipd-win\;C:\Program Files (x86)\PCSX2;C:\Program Files\Docker\Docker\resources\bin;C:\Program Files\Java\jdk-23\bin;C:\Program Files (x86)\PuTTY\;D:\Programs\Nordic Semiconductor\nrf-command-line-tools\bin\;D:\Programs\Python\Scripts\;D:\Programs\Python\;C:\Users\Utente\AppData\Local\Programs\Python\Launcher\;C:\Users\Utente\.cargo\bin;C:\Users\Utente\AppData\Local\Microsoft\WindowsApps;D:\Programs\VSCode\bin;D:\Programs\NMAP;C:\Users\Utente\AppData\Roaming\cabal\bin;C:\tools\ghc-9.2.1\bin;C:\tools\dart-sdk\bin;C:\Users\Utente\AppData\Roaming\Pub\Cache\bin;C:\ghcup\bin;D:\Programs\PyCharm\bin;C:\Users\Utente\AppData\Local\Pandoc\;D:\Tools\ghc-9.6.2\bin;C:\Users\Utente\AppData\Local\spicetify;C:\ProgramData\chocolatey\lib\deno;;D:\Programs\IntelliJ\Idea\bin;D:/Xilinx/Vitis/2024.1\tps\mingw\6.2.0\win64.o\nt\bin;D:/Xilinx/Vitis/2024.1\tps\mingw\6.2.0\win64.o\nt\libexec\gcc\x86_64-w64-mingw32\6.2.0
PATHEXT=.COM;.EXE;.BAT;.CMD;.VBS;.VBE;.JS;.JSE;.WSF;.WSH;.MSC
PROCESSOR_ARCHITECTURE=AMD64
PROCESSOR_IDENTIFIER=AMD64 Family 23 Model 96 Stepping 1, AuthenticAMD
PROCESSOR_LEVEL=23
PROCESSOR_REVISION=6001
PRODVERSION_EXE=D:/Xilinx/Vitis/2024.1/bin/unwrapped/win64.o/prodversion.exe
ProgramData=C:\ProgramData
ProgramFiles=C:\Program Files
ProgramFiles(x86)=C:\Program Files (x86)
ProgramW6432=C:\Program Files
PROMPT=$P$G
PSModulePath=C:\Program Files\WindowsPowerShell\Modules;C:\Windows\system32\WindowsPowerShell\v1.0\Modules
PUBLIC=C:\Users\Public
PyCharm Community Edition=D:\Programs\PyCharm\bin;
PYTHONPATH=;D:/Xilinx/Vitis/2024.1\cli;D:/Xilinx/Vitis/2024.1\cli\python-packages\win64;D:/Xilinx/Vitis/2024.1\cli\python-packages\site-packages;D:/Xilinx/Vitis/2024.1\cli\proto;D:/Xilinx/Vitis/2024.1\scripts\python_pkg;
python_path=;D:/Xilinx/Vitis/2024.1\cli;D:/Xilinx/Vitis/2024.1\cli\python-packages\win64;D:/Xilinx/Vitis/2024.1\cli\python-packages\site-packages;D:/Xilinx/Vitis/2024.1\cli\proto;D:/Xilinx/Vitis/2024.1\scripts\python_pkg;
RDI_APPROOT=D:/Xilinx/Vitis/2024.1
RDI_ARGS= --mode hls --csim --config D:\Desktop\SpMV\hls_component\hls_config.cfg --work_dir hls_component
RDI_ARGS_FUNCTION=RDI_EXEC_DEFAULT
RDI_BASEROOT=D:/Xilinx/Vitis
RDI_BINDIR=D:/Xilinx/Vitis/2024.1/bin
RDI_BINROOT=D:/Xilinx/Vitis/2024.1/bin
RDI_BUILD=yes
RDI_CHECK_PROG=True
RDI_DATADIR=D:/Xilinx/Vitis/2024.1/data
RDI_INSTALLROOT=D:/Xilinx
RDI_INSTALLVER=2024.1
RDI_INSTALLVERSION=2024.1
RDI_JAVACEFROOT=D:/Xilinx/Vitis/2024.1/tps/win64/java-cef-95.0.4638.69
RDI_JAVAFXROOT=D:/Xilinx/Vitis/2024.1/tps/win64/javafx-sdk-11.0.2
RDI_JAVAROOT=D:/Xilinx/Vitis/2024.1/tps/win64/jre11.0.16_1
RDI_JAVA_VERSION=11.0.16_1
RDI_LIBDIR=D:/Xilinx/Vitis/2024.1/lib/win64.o
RDI_MINGW_LIB=D:/Xilinx/Vitis/2024.1\tps\mingw\6.2.0\win64.o\nt\bin;D:/Xilinx/Vitis/2024.1\tps\mingw\6.2.0\win64.o\nt\libexec\gcc\x86_64-w64-mingw32\6.2.0
RDI_OPT_EXT=.o
RDI_OS_ARCH=64
RDI_PLATFORM=win64
RDI_PREPEND_PATH=D:/Xilinx/Vitis/2024.1/bin
RDI_PROG=D:/Xilinx/Vitis/2024.1/bin/unwrapped/win64.o/vitis-run.exe
RDI_PROGNAME=vitis-run.exe
RDI_SESSION_INFO=D:\Xilinx\Vitis\2024.1\bin:LAPTOP-9BTR5OCL-07-01-2025_10-06-27,98
RDI_SHARED_DATA=D:/Xilinx/SharedData/2024.1/data
RDI_TPS_ROOT=D:/Xilinx/Vivado/2024.1/tps/win64
RDI_USE_JDK11=1
RDI_VERBOSE=False
RT_LIBPATH=D:/Xilinx/Vitis/2024.1/scripts/rt/data
RT_TCL_PATH=D:/Xilinx/Vitis/2024.1/scripts/rt/base_tcl/tcl
SDKROOT=D:\Xilinx\Vitis\2024.1\tps\win64\lopper-1.1.0-packages\min_sdk\
SESSIONNAME=Console
session_string=D:\Desktop\SpMV\hls_component:LAPTOP-9BTR5OCL-07-01-2025_10-59-43,63
SWIG_LIB=D:\Xilinx\Vitis\2024.1\tps\win64\lopper-1.1.0-packages\min_sdk\\usr\lib\swig\4.0.2
SYNTH_COMMON=D:/Xilinx/Vitis/2024.1/scripts/rt/data
SystemDrive=C:
SystemRoot=C:\Windows
TCL_LIBRARY=D:/Xilinx/Vitis/2024.1/tps/tcl/tcl8.6
TCMALLOC_LARGE_ALLOC_REPORT_THRESHOLD=4294967296
TEMP=C:\Users\Utente\AppData\Local\Temp
THEIA_APP_PROJECT_PATH=D:\Xilinx\Vitis\2024.1\ide\electron-app\win64\resources\app
THEIA_DEFAULT_PLUGINS=local-dir:D:\Xilinx\Vitis\2024.1\ide\electron-app\win64\resources\app\plugins
THEIA_ELECTRON_TOKEN={"value":"20bbdeae-f44c-41cb-afc6-845d03e76a81"}
THEIA_ELECTRON_VERSION=15.5.7
THEIA_PLUGINS=local-dir:C:\Users\Utente\.theia\plugins
TMP=C:\Users\Utente\AppData\Local\Temp
USERDOMAIN=LAPTOP-9BTR5OCL
USERDOMAIN_ROAMINGPROFILE=LAPTOP-9BTR5OCL
USERNAME=Utente
USERPROFILE=C:\Users\Utente
VBOX_MSI_INSTALL_PATH=D:\Programs\Virtualbox\
VITISNEW=true
VSCODE_API_VERSION=1.53.2
VXIPNPPATH=C:\Program Files (x86)\IVI Foundation\VISA\
VXIPNPPATH64=C:\Program Files\IVI Foundation\VISA\
windir=C:\Windows
XILINX_HLS=D:/Xilinx\Vitis_HLS\2024.1
XILINX_PLANAHEAD=D:/Xilinx/Vitis/2024.1
XILINX_SDK=D:/Xilinx/Vitis/2024.1
XILINX_VERSION_DEFAULT=2024.1
XILINX_VERSION_VITIS=2024.1
XILINX_VITIS=D:/Xilinx\Vitis\2024.1
XILINX_VITIS_VERSION=Vitis v2024.1 (64-bit)
XILINX_VIVADO=D:/Xilinx/Vivado/2024.1
XILINX_VIVADO_HLS=D:/Xilinx/Vivado/2024.1
XIL_CHECK_TCL_DEBUG=False
XIL_NO_OVERRIDE=0
XIL_SUPPRESS_OVERRIDE_WARNINGS=1
XVREDIST=D:/Xilinx/Vitis/2024.1\tps\win64\xvcredist.exe
_RDI_BINROOT=D:\Xilinx\Vitis\2024.1\bin
_RDI_CWD=D:\Desktop\SpMV\hls_component
_RDI_DONT_SET_XILINX_AS_PATH=True
_RDI_VERSION_PROG=vitis-run
_valid=False
XILINX_CD_CONNECT_ID=44448
XILINX_CD_SESSION=2e89de87-befd-4382-8212-a99e3269ee8d


VITIS-RUN command line:
------------------------------------------
D:/Xilinx/Vitis/2024.1/bin/unwrapped/win64.o/vitis-run.exe --mode hls --csim --config D:\Desktop\SpMV\hls_component\hls_config.cfg --work_dir hls_component 

FINAL PROGRAM OPTIONS
--config D:\Desktop\SpMV\hls_component\hls_config.cfg
--csim
--hls.flow_target vivado
--hls.package.output.format ip_catalog
--hls.package.output.syn false
--hls.syn.file SpMV.c
--hls.syn.file SpMV.hppb.file=SpMV.hpp
--hls.syn.file D:\Desktop\SpMV\hls_component\SpMV.h
--hls.syn.file D:\Desktop\SpMV\hls_component\SpMV.cpp
--hls.syn.file D:\Desktop\SpMV\hls_component\SpMV.hpp
--hls.tb.file SpMV.hppp
--hls.tb.file testbench.cpp
--hls.tb.file input.txt
--hls.tb.file testcase.cpp
--hls.tb.file testcase.hpp
--mode hls
--part xc7z020clg400-1
--work_dir hls_component

PARSED COMMAND LINE OPTIONS
--mode hls 
--csim 
--config D:\Desktop\SpMV\hls_component\hls_config.cfg 
--work_dir hls_component 

PARSED CONFIG FILE (1) OPTIONS
file: D:\Desktop\SpMV\hls_component\hls_config.cfg
part xc7z020clg400-1 
hls.flow_target vivado 
hls.package.output.format ip_catalog 
hls.package.output.syn false 
hls.syn.file SpMV.c 
hls.syn.file SpMV.hppb.file=SpMV.hpp 
hls.syn.file D:\Desktop\SpMV\hls_component\SpMV.h 
hls.syn.file D:\Desktop\SpMV\hls_component\SpMV.cpp 
hls.syn.file D:\Desktop\SpMV\hls_component\SpMV.hpp 
hls.tb.file SpMV.hppp 
hls.tb.file testbench.cpp 
hls.tb.file input.txt 
hls.tb.file testcase.cpp 
hls.tb.file testcase.hpp 


==========================================
new:  steps log generated by v++ for new launch 
timestamp: 07 Jan 2025 10:59:48
------------------------------------------
VITIS-RUN internal step: writing a config file for vitis_hls: D:/Desktop/SpMV/hls_component/hls_component/hls/config.cmdline
timestamp: 07 Jan 2025 10:59:48
VITIS-RUN internal step status: success
------------------------------------------
VITIS-RUN internal step: running vitis_hls
timestamp: 07 Jan 2025 10:59:48
working dir: D:/Desktop/SpMV/hls_component
cmd: vitis_hls -nolog -run csim -work_dir D:/Desktop/SpMV/hls_component/hls_component -config D:/Desktop/SpMV/hls_component/hls_config.cfg -cmdlineconfig D:/Desktop/SpMV/hls_component/hls_component/hls/config.cmdline
VITIS-RUN internal step status: success

------------------------------------------
V++ command line :
------------------------------------------
D:/Xilinx/Vitis/2024.1/bin/unwrapped/win64.o/v++.exe -c --mode hls --config D:\Desktop\SpMV\hls_component\hls_config.cfg --work_dir hls_component 
  Options from -O    : 
  Options from *.ini : 
  Options from Hw Platform : 

==========================================
new:  steps log generated by v++ for new launch 
timestamp: 07 Jan 2025 11:01:47
------------------------------------------
V++ internal step: writing a config file for vitis_hls: D:/Desktop/SpMV/hls_component/hls_component/hls/config.cmdline
timestamp: 07 Jan 2025 11:01:47
V++ internal step status: success
------------------------------------------
V++ internal step: running vitis_hls
timestamp: 07 Jan 2025 11:01:47
working dir: D:/Desktop/SpMV/hls_component
cmd: vitis_hls -nolog -run csynth -work_dir D:/Desktop/SpMV/hls_component/hls_component -config D:/Desktop/SpMV/hls_component/hls_config.cfg -cmdlineconfig D:/Desktop/SpMV/hls_component/hls_component/hls/config.cmdline
V++ internal step status: success

------------------------------------------
VITIS-RUN command line :
------------------------------------------
D:/Xilinx/Vitis/2024.1/bin/unwrapped/win64.o/vitis-run.exe --mode hls --cosim --config D:\Desktop\SpMV\hls_component\hls_config.cfg --work_dir hls_component 
  Options from -O    : 
  Options from *.ini : 
  Options from Hw Platform : 

==========================================
new:  steps log generated by v++ for new launch 
timestamp: 07 Jan 2025 11:02:55
------------------------------------------
VITIS-RUN internal step: writing a config file for vitis_hls: D:/Desktop/SpMV/hls_component/hls_component/hls/config.cmdline
timestamp: 07 Jan 2025 11:02:55
VITIS-RUN internal step status: success
------------------------------------------
VITIS-RUN internal step: running vitis_hls
timestamp: 07 Jan 2025 11:02:55
working dir: D:/Desktop/SpMV/hls_component
cmd: vitis_hls -nolog -run cosim -work_dir D:/Desktop/SpMV/hls_component/hls_component -config D:/Desktop/SpMV/hls_component/hls_config.cfg -cmdlineconfig D:/Desktop/SpMV/hls_component/hls_component/hls/config.cmdline
VITIS-RUN internal step status: fail

------------------------------------------
V++ command line :
------------------------------------------
D:/Xilinx/Vitis/2024.1/bin/unwrapped/win64.o/v++.exe -c --mode hls --config D:\Desktop\SpMV\hls_component\hls_config.cfg --work_dir hls_component 
  Options from -O    : 
  Options from *.ini : 
  Options from Hw Platform : 

==========================================
new:  steps log generated by v++ for new launch 
timestamp: 07 Jan 2025 11:33:23
------------------------------------------
V++ internal step: writing a config file for vitis_hls: D:/Desktop/SpMV/hls_component/hls_component/hls/config.cmdline
timestamp: 07 Jan 2025 11:33:23
V++ internal step status: success
------------------------------------------
V++ internal step: running vitis_hls
timestamp: 07 Jan 2025 11:33:23
working dir: D:/Desktop/SpMV/hls_component
cmd: vitis_hls -nolog -run csynth -work_dir D:/Desktop/SpMV/hls_component/hls_component -config D:/Desktop/SpMV/hls_component/hls_config.cfg -cmdlineconfig D:/Desktop/SpMV/hls_component/hls_component/hls/config.cmdline
V++ internal step status: success

------------------------------------------
VITIS-RUN command line :
------------------------------------------
D:/Xilinx/Vitis/2024.1/bin/unwrapped/win64.o/vitis-run.exe --mode hls --cosim --config D:\Desktop\SpMV\hls_component\hls_config.cfg --work_dir hls_component 
  Options from -O    : 
  Options from *.ini : 
  Options from Hw Platform : 

==========================================
new:  steps log generated by v++ for new launch 
timestamp: 07 Jan 2025 11:33:54
------------------------------------------
VITIS-RUN internal step: writing a config file for vitis_hls: D:/Desktop/SpMV/hls_component/hls_component/hls/config.cmdline
timestamp: 07 Jan 2025 11:33:54
VITIS-RUN internal step status: success
------------------------------------------
VITIS-RUN internal step: running vitis_hls
timestamp: 07 Jan 2025 11:33:54
working dir: D:/Desktop/SpMV/hls_component
cmd: vitis_hls -nolog -run cosim -work_dir D:/Desktop/SpMV/hls_component/hls_component -config D:/Desktop/SpMV/hls_component/hls_config.cfg -cmdlineconfig D:/Desktop/SpMV/hls_component/hls_component/hls/config.cmdline
VITIS-RUN internal step status: fail

------------------------------------------
VITIS-RUN command line :
------------------------------------------
D:/Xilinx/Vitis/2024.1/bin/unwrapped/win64.o/vitis-run.exe --mode hls --csim --config D:\Desktop\SpMV\hls_component\hls_config.cfg --work_dir hls_component 
  Options from -O    : 
  Options from *.ini : 
  Options from Hw Platform : 

==========================================
new:  steps log generated by v++ for new launch 
timestamp: 07 Jan 2025 11:38:17
------------------------------------------
VITIS-RUN internal step: writing a config file for vitis_hls: D:/Desktop/SpMV/hls_component/hls_component/hls/config.cmdline
timestamp: 07 Jan 2025 11:38:17
VITIS-RUN internal step status: success
------------------------------------------
VITIS-RUN internal step: running vitis_hls
timestamp: 07 Jan 2025 11:38:17
working dir: D:/Desktop/SpMV/hls_component
cmd: vitis_hls -nolog -run csim -work_dir D:/Desktop/SpMV/hls_component/hls_component -config D:/Desktop/SpMV/hls_component/hls_config.cfg -cmdlineconfig D:/Desktop/SpMV/hls_component/hls_component/hls/config.cmdline
VITIS-RUN internal step status: success

------------------------------------------
VITIS-RUN command line :
------------------------------------------
D:/Xilinx/Vitis/2024.1/bin/unwrapped/win64.o/vitis-run.exe --mode hls --cosim --config D:\Desktop\SpMV\hls_component\hls_config.cfg --work_dir hls_component 
  Options from -O    : 
  Options from *.ini : 
  Options from Hw Platform : 

==========================================
new:  steps log generated by v++ for new launch 
timestamp: 07 Jan 2025 11:40:34
------------------------------------------
VITIS-RUN internal step: writing a config file for vitis_hls: D:/Desktop/SpMV/hls_component/hls_component/hls/config.cmdline
timestamp: 07 Jan 2025 11:40:34
VITIS-RUN internal step status: success
------------------------------------------
VITIS-RUN internal step: running vitis_hls
timestamp: 07 Jan 2025 11:40:34
working dir: D:/Desktop/SpMV/hls_component
cmd: vitis_hls -nolog -run cosim -work_dir D:/Desktop/SpMV/hls_component/hls_component -config D:/Desktop/SpMV/hls_component/hls_config.cfg -cmdlineconfig D:/Desktop/SpMV/hls_component/hls_component/hls/config.cmdline
VITIS-RUN internal step status: success

------------------------------------------
VITIS-RUN command line :
------------------------------------------
D:/Xilinx/Vitis/2024.1/bin/unwrapped/win64.o/vitis-run.exe --mode hls --cosim --config D:\Desktop\SpMV\hls_component\hls_config.cfg --work_dir hls_component 
  Options from -O    : 
  Options from *.ini : 
  Options from Hw Platform : 

==========================================
new:  steps log generated by v++ for new launch 
timestamp: 07 Jan 2025 13:33:33
------------------------------------------
VITIS-RUN internal step: writing a config file for vitis_hls: D:/Desktop/SpMV/hls_component/hls_component/hls/config.cmdline
timestamp: 07 Jan 2025 13:33:33
VITIS-RUN internal step status: success
------------------------------------------
VITIS-RUN internal step: running vitis_hls
timestamp: 07 Jan 2025 13:33:33
working dir: D:/Desktop/SpMV/hls_component
cmd: vitis_hls -nolog -run cosim -work_dir D:/Desktop/SpMV/hls_component/hls_component -config D:/Desktop/SpMV/hls_component/hls_config.cfg -cmdlineconfig D:/Desktop/SpMV/hls_component/hls_component/hls/config.cmdline
VITIS-RUN internal step status: success

------------------------------------------
VITIS-RUN command line :
------------------------------------------
D:/Xilinx/Vitis/2024.1/bin/unwrapped/win64.o/vitis-run.exe --mode hls --csim --config D:\Desktop\SpMV\hls_component\hls_config.cfg --work_dir hls_component 
  Options from -O    : 
  Options from *.ini : 
  Options from Hw Platform : 

==========================================
new:  steps log generated by v++ for new launch 
timestamp: 07 Jan 2025 13:36:02
------------------------------------------
VITIS-RUN internal step: writing a config file for vitis_hls: D:/Desktop/SpMV/hls_component/hls_component/hls/config.cmdline
timestamp: 07 Jan 2025 13:36:02
VITIS-RUN internal step status: success
------------------------------------------
VITIS-RUN internal step: running vitis_hls
timestamp: 07 Jan 2025 13:36:02
working dir: D:/Desktop/SpMV/hls_component
cmd: vitis_hls -nolog -run csim -work_dir D:/Desktop/SpMV/hls_component/hls_component -config D:/Desktop/SpMV/hls_component/hls_config.cfg -cmdlineconfig D:/Desktop/SpMV/hls_component/hls_component/hls/config.cmdline
VITIS-RUN internal step status: success

------------------------------------------
V++ command line :
------------------------------------------
D:/Xilinx/Vitis/2024.1/bin/unwrapped/win64.o/v++.exe -c --mode hls --config D:\Desktop\SpMV\hls_component\hls_config.cfg --work_dir hls_component 
  Options from -O    : 
  Options from *.ini : 
  Options from Hw Platform : 

==========================================
new:  steps log generated by v++ for new launch 
timestamp: 07 Jan 2025 13:36:23
------------------------------------------
V++ internal step: writing a config file for vitis_hls: D:/Desktop/SpMV/hls_component/hls_component/hls/config.cmdline
timestamp: 07 Jan 2025 13:36:23
V++ internal step status: success
------------------------------------------
V++ internal step: running vitis_hls
timestamp: 07 Jan 2025 13:36:23
working dir: D:/Desktop/SpMV/hls_component
cmd: vitis_hls -nolog -run csynth -work_dir D:/Desktop/SpMV/hls_component/hls_component -config D:/Desktop/SpMV/hls_component/hls_config.cfg -cmdlineconfig D:/Desktop/SpMV/hls_component/hls_component/hls/config.cmdline
V++ internal step status: success

------------------------------------------
V++ command line :
------------------------------------------
D:/Xilinx/Vitis/2024.1/bin/unwrapped/win64.o/v++.exe -c --mode hls --config D:\Desktop\SpMV\hls_component\hls_config.cfg --work_dir hls_component 
  Options from -O    : 
  Options from *.ini : 
  Options from Hw Platform : 

==========================================
new:  steps log generated by v++ for new launch 
timestamp: 07 Jan 2025 13:39:40
------------------------------------------
V++ internal step: writing a config file for vitis_hls: D:/Desktop/SpMV/hls_component/hls_component/hls/config.cmdline
timestamp: 07 Jan 2025 13:39:40
V++ internal step status: success
------------------------------------------
V++ internal step: running vitis_hls
timestamp: 07 Jan 2025 13:39:40
working dir: D:/Desktop/SpMV/hls_component
cmd: vitis_hls -nolog -run csynth -work_dir D:/Desktop/SpMV/hls_component/hls_component -config D:/Desktop/SpMV/hls_component/hls_config.cfg -cmdlineconfig D:/Desktop/SpMV/hls_component/hls_component/hls/config.cmdline
V++ internal step status: success

------------------------------------------
VITIS-RUN command line :
------------------------------------------
D:/Xilinx/Vitis/2024.1/bin/unwrapped/win64.o/vitis-run.exe --mode hls --cosim --config D:\Desktop\SpMV\hls_component\hls_config.cfg --work_dir hls_component 
  Options from -O    : 
  Options from *.ini : 
  Options from Hw Platform : 

==========================================
new:  steps log generated by v++ for new launch 
timestamp: 07 Jan 2025 13:41:36
------------------------------------------
VITIS-RUN internal step: writing a config file for vitis_hls: D:/Desktop/SpMV/hls_component/hls_component/hls/config.cmdline
timestamp: 07 Jan 2025 13:41:36
VITIS-RUN internal step status: success
------------------------------------------
VITIS-RUN internal step: running vitis_hls
timestamp: 07 Jan 2025 13:41:36
working dir: D:/Desktop/SpMV/hls_component
cmd: vitis_hls -nolog -run cosim -work_dir D:/Desktop/SpMV/hls_component/hls_component -config D:/Desktop/SpMV/hls_component/hls_config.cfg -cmdlineconfig D:/Desktop/SpMV/hls_component/hls_component/hls/config.cmdline
VITIS-RUN internal step status: success

------------------------------------------
V++ command line :
------------------------------------------
D:/Xilinx/Vitis/2024.1/bin/unwrapped/win64.o/v++.exe -c --mode hls --config D:\Desktop\SpMV\hls_component\hls_config.cfg --work_dir hls_component 
  Options from -O    : 
  Options from *.ini : 
  Options from Hw Platform : 

==========================================
new:  steps log generated by v++ for new launch 
timestamp: 07 Jan 2025 13:44:01
------------------------------------------
V++ internal step: writing a config file for vitis_hls: D:/Desktop/SpMV/hls_component/hls_component/hls/config.cmdline
timestamp: 07 Jan 2025 13:44:01
V++ internal step status: success
------------------------------------------
V++ internal step: running vitis_hls
timestamp: 07 Jan 2025 13:44:01
working dir: D:/Desktop/SpMV/hls_component
cmd: vitis_hls -nolog -run csynth -work_dir D:/Desktop/SpMV/hls_component/hls_component -config D:/Desktop/SpMV/hls_component/hls_config.cfg -cmdlineconfig D:/Desktop/SpMV/hls_component/hls_component/hls/config.cmdline
V++ internal step status: success

------------------------------------------
VITIS-RUN command line :
------------------------------------------
D:/Xilinx/Vitis/2024.1/bin/unwrapped/win64.o/vitis-run.exe --mode hls --cosim --config D:\Desktop\SpMV\hls_component\hls_config.cfg --work_dir hls_component 
  Options from -O    : 
  Options from *.ini : 
  Options from Hw Platform : 

==========================================
new:  steps log generated by v++ for new launch 
timestamp: 07 Jan 2025 13:44:42
------------------------------------------
VITIS-RUN internal step: writing a config file for vitis_hls: D:/Desktop/SpMV/hls_component/hls_component/hls/config.cmdline
timestamp: 07 Jan 2025 13:44:42
VITIS-RUN internal step status: success
------------------------------------------
VITIS-RUN internal step: running vitis_hls
timestamp: 07 Jan 2025 13:44:42
working dir: D:/Desktop/SpMV/hls_component
cmd: vitis_hls -nolog -run cosim -work_dir D:/Desktop/SpMV/hls_component/hls_component -config D:/Desktop/SpMV/hls_component/hls_config.cfg -cmdlineconfig D:/Desktop/SpMV/hls_component/hls_component/hls/config.cmdline
VITIS-RUN internal step status: success

------------------------------------------
V++ command line :
------------------------------------------
D:/Xilinx/Vitis/2024.1/bin/unwrapped/win64.o/v++.exe -c --mode hls --config D:\Desktop\SpMV\hls_component\hls_config.cfg --work_dir hls_component 
  Options from -O    : 
  Options from *.ini : 
  Options from Hw Platform : 

==========================================
new:  steps log generated by v++ for new launch 
timestamp: 07 Jan 2025 13:52:42
------------------------------------------
V++ internal step: writing a config file for vitis_hls: D:/Desktop/SpMV/hls_component/hls_component/hls/config.cmdline
timestamp: 07 Jan 2025 13:52:42
V++ internal step status: success
------------------------------------------
V++ internal step: running vitis_hls
timestamp: 07 Jan 2025 13:52:42
working dir: D:/Desktop/SpMV/hls_component
cmd: vitis_hls -nolog -run csynth -work_dir D:/Desktop/SpMV/hls_component/hls_component -config D:/Desktop/SpMV/hls_component/hls_config.cfg -cmdlineconfig D:/Desktop/SpMV/hls_component/hls_component/hls/config.cmdline
V++ internal step status: success

------------------------------------------
VITIS-RUN command line :
------------------------------------------
D:/Xilinx/Vitis/2024.1/bin/unwrapped/win64.o/vitis-run.exe --mode hls --cosim --config D:\Desktop\SpMV\hls_component\hls_config.cfg --work_dir hls_component 
  Options from -O    : 
  Options from *.ini : 
  Options from Hw Platform : 

==========================================
new:  steps log generated by v++ for new launch 
timestamp: 07 Jan 2025 13:53:26
------------------------------------------
VITIS-RUN internal step: writing a config file for vitis_hls: D:/Desktop/SpMV/hls_component/hls_component/hls/config.cmdline
timestamp: 07 Jan 2025 13:53:26
VITIS-RUN internal step status: success
------------------------------------------
VITIS-RUN internal step: running vitis_hls
timestamp: 07 Jan 2025 13:53:26
working dir: D:/Desktop/SpMV/hls_component
cmd: vitis_hls -nolog -run cosim -work_dir D:/Desktop/SpMV/hls_component/hls_component -config D:/Desktop/SpMV/hls_component/hls_config.cfg -cmdlineconfig D:/Desktop/SpMV/hls_component/hls_component/hls/config.cmdline
VITIS-RUN internal step status: success

------------------------------------------
VITIS-RUN command line :
------------------------------------------
D:/Xilinx/Vitis/2024.1/bin/unwrapped/win64.o/vitis-run.exe --mode hls --csim --config D:\Desktop\SpMV\hls_component\hls_config.cfg --work_dir hls_component 
  Options from -O    : 
  Options from *.ini : 
  Options from Hw Platform : 

==========================================
new:  steps log generated by v++ for new launch 
timestamp: 07 Jan 2025 15:20:48
------------------------------------------
VITIS-RUN internal step: writing a config file for vitis_hls: D:/Desktop/SpMV/hls_component/hls_component/hls/config.cmdline
timestamp: 07 Jan 2025 15:20:48
VITIS-RUN internal step status: success
------------------------------------------
VITIS-RUN internal step: running vitis_hls
timestamp: 07 Jan 2025 15:20:48
working dir: D:/Desktop/SpMV/hls_component
cmd: vitis_hls -nolog -run csim -work_dir D:/Desktop/SpMV/hls_component/hls_component -config D:/Desktop/SpMV/hls_component/hls_config.cfg -cmdlineconfig D:/Desktop/SpMV/hls_component/hls_component/hls/config.cmdline
VITIS-RUN internal step status: fail

------------------------------------------
VITIS-RUN command line :
------------------------------------------
D:/Xilinx/Vitis/2024.1/bin/unwrapped/win64.o/vitis-run.exe --mode hls --csim --config D:\Desktop\SpMV\hls_component\hls_config.cfg --work_dir hls_component 
  Options from -O    : 
  Options from *.ini : 
  Options from Hw Platform : 

==========================================
new:  steps log generated by v++ for new launch 
timestamp: 07 Jan 2025 15:23:44
------------------------------------------
VITIS-RUN internal step: writing a config file for vitis_hls: D:/Desktop/SpMV/hls_component/hls_component/hls/config.cmdline
timestamp: 07 Jan 2025 15:23:44
VITIS-RUN internal step status: success
------------------------------------------
VITIS-RUN internal step: running vitis_hls
timestamp: 07 Jan 2025 15:23:44
working dir: D:/Desktop/SpMV/hls_component
cmd: vitis_hls -nolog -run csim -work_dir D:/Desktop/SpMV/hls_component/hls_component -config D:/Desktop/SpMV/hls_component/hls_config.cfg -cmdlineconfig D:/Desktop/SpMV/hls_component/hls_component/hls/config.cmdline
VITIS-RUN internal step status: success

------------------------------------------
V++ command line :
------------------------------------------
D:/Xilinx/Vitis/2024.1/bin/unwrapped/win64.o/v++.exe -c --mode hls --config D:\Desktop\SpMV\hls_component\hls_config.cfg --work_dir hls_component 
  Options from -O    : 
  Options from *.ini : 
  Options from Hw Platform : 

==========================================
new:  steps log generated by v++ for new launch 
timestamp: 07 Jan 2025 19:33:12
------------------------------------------
V++ internal step: writing a config file for vitis_hls: D:/Desktop/SpMV/hls_component/hls_component/hls/config.cmdline
timestamp: 07 Jan 2025 19:33:12
V++ internal step status: success
------------------------------------------
V++ internal step: running vitis_hls
timestamp: 07 Jan 2025 19:33:12
working dir: D:/Desktop/SpMV/hls_component
cmd: vitis_hls -nolog -run csynth -work_dir D:/Desktop/SpMV/hls_component/hls_component -config D:/Desktop/SpMV/hls_component/hls_config.cfg -cmdlineconfig D:/Desktop/SpMV/hls_component/hls_component/hls/config.cmdline
V++ internal step status: success

------------------------------------------
V++ command line :
------------------------------------------
D:/Xilinx/Vitis/2024.1/bin/unwrapped/win64.o/v++.exe -c --mode hls --config D:\Desktop\SpMV\hls_component\hls_config.cfg --work_dir hls_component 
  Options from -O    : 
  Options from *.ini : 
  Options from Hw Platform : 

==========================================
new:  steps log generated by v++ for new launch 
timestamp: 07 Jan 2025 19:35:04
------------------------------------------
V++ internal step: writing a config file for vitis_hls: D:/Desktop/SpMV/hls_component/hls_component/hls/config.cmdline
timestamp: 07 Jan 2025 19:35:04
V++ internal step status: success
------------------------------------------
V++ internal step: running vitis_hls
timestamp: 07 Jan 2025 19:35:04
working dir: D:/Desktop/SpMV/hls_component
cmd: vitis_hls -nolog -run csynth -work_dir D:/Desktop/SpMV/hls_component/hls_component -config D:/Desktop/SpMV/hls_component/hls_config.cfg -cmdlineconfig D:/Desktop/SpMV/hls_component/hls_component/hls/config.cmdline
V++ internal step status: success

------------------------------------------
V++ command line :
------------------------------------------
D:/Xilinx/Vitis/2024.1/bin/unwrapped/win64.o/v++.exe -c --mode hls --config D:\Desktop\SpMV\hls_component\hls_config.cfg --work_dir hls_component 
  Options from -O    : 
  Options from *.ini : 
  Options from Hw Platform : 

==========================================
new:  steps log generated by v++ for new launch 
timestamp: 07 Jan 2025 19:39:32
------------------------------------------
V++ internal step: writing a config file for vitis_hls: D:/Desktop/SpMV/hls_component/hls_component/hls/config.cmdline
timestamp: 07 Jan 2025 19:39:32
V++ internal step status: success
------------------------------------------
V++ internal step: running vitis_hls
timestamp: 07 Jan 2025 19:39:32
working dir: D:/Desktop/SpMV/hls_component
cmd: vitis_hls -nolog -run csynth -work_dir D:/Desktop/SpMV/hls_component/hls_component -config D:/Desktop/SpMV/hls_component/hls_config.cfg -cmdlineconfig D:/Desktop/SpMV/hls_component/hls_component/hls/config.cmdline
V++ internal step status: success

------------------------------------------
VITIS-RUN command line :
------------------------------------------
D:/Xilinx/Vitis/2024.1/bin/unwrapped/win64.o/vitis-run.exe --mode hls --cosim --config D:\Desktop\SpMV\hls_component\hls_config.cfg --work_dir hls_component 
  Options from -O    : 
  Options from *.ini : 
  Options from Hw Platform : 

==========================================
new:  steps log generated by v++ for new launch 
timestamp: 07 Jan 2025 19:40:21
------------------------------------------
VITIS-RUN internal step: writing a config file for vitis_hls: D:/Desktop/SpMV/hls_component/hls_component/hls/config.cmdline
timestamp: 07 Jan 2025 19:40:21
VITIS-RUN internal step status: success
------------------------------------------
VITIS-RUN internal step: running vitis_hls
timestamp: 07 Jan 2025 19:40:21
working dir: D:/Desktop/SpMV/hls_component
cmd: vitis_hls -nolog -run cosim -work_dir D:/Desktop/SpMV/hls_component/hls_component -config D:/Desktop/SpMV/hls_component/hls_config.cfg -cmdlineconfig D:/Desktop/SpMV/hls_component/hls_component/hls/config.cmdline
VITIS-RUN internal step status: fail

------------------------------------------
V++ command line :
------------------------------------------
D:/Xilinx/Vitis/2024.1/bin/unwrapped/win64.o/v++.exe -c --mode hls --config D:\Desktop\SpMV\hls_component\hls_config.cfg --work_dir hls_component 
  Options from -O    : 
  Options from *.ini : 
  Options from Hw Platform : 

==========================================
new:  steps log generated by v++ for new launch 
timestamp: 07 Jan 2025 19:44:06
------------------------------------------
V++ internal step: writing a config file for vitis_hls: D:/Desktop/SpMV/hls_component/hls_component/hls/config.cmdline
timestamp: 07 Jan 2025 19:44:06
V++ internal step status: success
------------------------------------------
V++ internal step: running vitis_hls
timestamp: 07 Jan 2025 19:44:06
working dir: D:/Desktop/SpMV/hls_component
cmd: vitis_hls -nolog -run csynth -work_dir D:/Desktop/SpMV/hls_component/hls_component -config D:/Desktop/SpMV/hls_component/hls_config.cfg -cmdlineconfig D:/Desktop/SpMV/hls_component/hls_component/hls/config.cmdline
V++ internal step status: success

------------------------------------------
VITIS-RUN command line :
------------------------------------------
D:/Xilinx/Vitis/2024.1/bin/unwrapped/win64.o/vitis-run.exe --mode hls --cosim --config D:\Desktop\SpMV\hls_component\hls_config.cfg --work_dir hls_component 
  Options from -O    : 
  Options from *.ini : 
  Options from Hw Platform : 

==========================================
new:  steps log generated by v++ for new launch 
timestamp: 07 Jan 2025 19:45:21
------------------------------------------
VITIS-RUN internal step: writing a config file for vitis_hls: D:/Desktop/SpMV/hls_component/hls_component/hls/config.cmdline
timestamp: 07 Jan 2025 19:45:21
VITIS-RUN internal step status: success
------------------------------------------
VITIS-RUN internal step: running vitis_hls
timestamp: 07 Jan 2025 19:45:21
working dir: D:/Desktop/SpMV/hls_component
cmd: vitis_hls -nolog -run cosim -work_dir D:/Desktop/SpMV/hls_component/hls_component -config D:/Desktop/SpMV/hls_component/hls_config.cfg -cmdlineconfig D:/Desktop/SpMV/hls_component/hls_component/hls/config.cmdline
VITIS-RUN internal step status: success

------------------------------------------
VITIS-RUN command line :
------------------------------------------
D:/Xilinx/Vitis/2024.1/bin/unwrapped/win64.o/vitis-run.exe --mode hls --csim --config D:\Desktop\SpMV\hls_component\hls_config.cfg --work_dir hls_component 
  Options from -O    : 
  Options from *.ini : 
  Options from Hw Platform : 

==========================================
new:  steps log generated by v++ for new launch 
timestamp: 07 Jan 2025 19:47:40
------------------------------------------
VITIS-RUN internal step: writing a config file for vitis_hls: D:/Desktop/SpMV/hls_component/hls_component/hls/config.cmdline
timestamp: 07 Jan 2025 19:47:40
VITIS-RUN internal step status: success
------------------------------------------
VITIS-RUN internal step: running vitis_hls
timestamp: 07 Jan 2025 19:47:40
working dir: D:/Desktop/SpMV/hls_component
cmd: vitis_hls -nolog -run csim -work_dir D:/Desktop/SpMV/hls_component/hls_component -config D:/Desktop/SpMV/hls_component/hls_config.cfg -cmdlineconfig D:/Desktop/SpMV/hls_component/hls_component/hls/config.cmdline
VITIS-RUN internal step status: fail

------------------------------------------
VITIS-RUN command line :
------------------------------------------
D:/Xilinx/Vitis/2024.1/bin/unwrapped/win64.o/vitis-run.exe --mode hls --csim --config D:\Desktop\SpMV\hls_component\hls_config.cfg --work_dir hls_component 
  Options from -O    : 
  Options from *.ini : 
  Options from Hw Platform : 

==========================================
new:  steps log generated by v++ for new launch 
timestamp: 07 Jan 2025 19:48:07
------------------------------------------
VITIS-RUN internal step: writing a config file for vitis_hls: D:/Desktop/SpMV/hls_component/hls_component/hls/config.cmdline
timestamp: 07 Jan 2025 19:48:07
VITIS-RUN internal step status: success
------------------------------------------
VITIS-RUN internal step: running vitis_hls
timestamp: 07 Jan 2025 19:48:07
working dir: D:/Desktop/SpMV/hls_component
cmd: vitis_hls -nolog -run csim -work_dir D:/Desktop/SpMV/hls_component/hls_component -config D:/Desktop/SpMV/hls_component/hls_config.cfg -cmdlineconfig D:/Desktop/SpMV/hls_component/hls_component/hls/config.cmdline
VITIS-RUN internal step status: success

------------------------------------------
V++ command line :
------------------------------------------
D:/Xilinx/Vitis/2024.1/bin/unwrapped/win64.o/v++.exe -c --mode hls --config D:\Desktop\SpMV\hls_component\hls_config.cfg --work_dir hls_component 
  Options from -O    : 
  Options from *.ini : 
  Options from Hw Platform : 

==========================================
new:  steps log generated by v++ for new launch 
timestamp: 07 Jan 2025 19:48:27
------------------------------------------
V++ internal step: writing a config file for vitis_hls: D:/Desktop/SpMV/hls_component/hls_component/hls/config.cmdline
timestamp: 07 Jan 2025 19:48:27
V++ internal step status: success
------------------------------------------
V++ internal step: running vitis_hls
timestamp: 07 Jan 2025 19:48:27
working dir: D:/Desktop/SpMV/hls_component
cmd: vitis_hls -nolog -run csynth -work_dir D:/Desktop/SpMV/hls_component/hls_component -config D:/Desktop/SpMV/hls_component/hls_config.cfg -cmdlineconfig D:/Desktop/SpMV/hls_component/hls_component/hls/config.cmdline
V++ internal step status: success

------------------------------------------
VITIS-RUN command line :
------------------------------------------
D:/Xilinx/Vitis/2024.1/bin/unwrapped/win64.o/vitis-run.exe --mode hls --cosim --config D:\Desktop\SpMV\hls_component\hls_config.cfg --work_dir hls_component 
  Options from -O    : 
  Options from *.ini : 
  Options from Hw Platform : 

==========================================
new:  steps log generated by v++ for new launch 
timestamp: 07 Jan 2025 19:49:58
------------------------------------------
VITIS-RUN internal step: writing a config file for vitis_hls: D:/Desktop/SpMV/hls_component/hls_component/hls/config.cmdline
timestamp: 07 Jan 2025 19:49:58
VITIS-RUN internal step status: success
------------------------------------------
VITIS-RUN internal step: running vitis_hls
timestamp: 07 Jan 2025 19:49:58
working dir: D:/Desktop/SpMV/hls_component
cmd: vitis_hls -nolog -run cosim -work_dir D:/Desktop/SpMV/hls_component/hls_component -config D:/Desktop/SpMV/hls_component/hls_config.cfg -cmdlineconfig D:/Desktop/SpMV/hls_component/hls_component/hls/config.cmdline
VITIS-RUN internal step status: fail

------------------------------------------
V++ command line :
------------------------------------------
D:/Xilinx/Vitis/2024.1/bin/unwrapped/win64.o/v++.exe -c --mode hls --config D:\Desktop\SpMV\hls_component\hls_config.cfg --work_dir hls_component 
  Options from -O    : 
  Options from *.ini : 
  Options from Hw Platform : 

==========================================
new:  steps log generated by v++ for new launch 
timestamp: 07 Jan 2025 19:55:20
------------------------------------------
V++ internal step: writing a config file for vitis_hls: D:/Desktop/SpMV/hls_component/hls_component/hls/config.cmdline
timestamp: 07 Jan 2025 19:55:20
V++ internal step status: success
------------------------------------------
V++ internal step: running vitis_hls
timestamp: 07 Jan 2025 19:55:20
working dir: D:/Desktop/SpMV/hls_component
cmd: vitis_hls -nolog -run csynth -work_dir D:/Desktop/SpMV/hls_component/hls_component -config D:/Desktop/SpMV/hls_component/hls_config.cfg -cmdlineconfig D:/Desktop/SpMV/hls_component/hls_component/hls/config.cmdline
V++ internal step status: success

------------------------------------------
VITIS-RUN command line :
------------------------------------------
D:/Xilinx/Vitis/2024.1/bin/unwrapped/win64.o/vitis-run.exe --mode hls --cosim --config D:\Desktop\SpMV\hls_component\hls_config.cfg --work_dir hls_component 
  Options from -O    : 
  Options from *.ini : 
  Options from Hw Platform : 

==========================================
new:  steps log generated by v++ for new launch 
timestamp: 07 Jan 2025 19:56:19
------------------------------------------
VITIS-RUN internal step: writing a config file for vitis_hls: D:/Desktop/SpMV/hls_component/hls_component/hls/config.cmdline
timestamp: 07 Jan 2025 19:56:19
VITIS-RUN internal step status: success
------------------------------------------
VITIS-RUN internal step: running vitis_hls
timestamp: 07 Jan 2025 19:56:19
working dir: D:/Desktop/SpMV/hls_component
cmd: vitis_hls -nolog -run cosim -work_dir D:/Desktop/SpMV/hls_component/hls_component -config D:/Desktop/SpMV/hls_component/hls_config.cfg -cmdlineconfig D:/Desktop/SpMV/hls_component/hls_component/hls/config.cmdline
VITIS-RUN internal step status: success
