directive:1:9: warning: HLS pragma dump _XLX_SEP_ PragmaIsValid=1_XLX_SEP_ PragmaType=top_XLX_SEP_ PragmaContext=directive_XLX_SEP_ PragmaFunction=SpMV_XLX_SEP_ PragmaOptions=name=SpMV_XLX_SEP_ [-Wdump-hls-pragmas]
#pragma HLSDIRECTIVE TOP name=SpMV
        ^
SpMV.cpp:15:9: warning: HLS pragma dump _XLX_SEP_ PragmaIsValid=1_XLX_SEP_ PragmaType=interface_XLX_SEP_ PragmaContext=_XLX_SEP_ PragmaFunction=SpMV_XLX_SEP_ PragmaOptions=mode=m_axi port=values bundle=gmem0 offset=slave depth=values_depth_XLX_SEP_ [-Wdump-hls-pragmas]
#pragma HLS INTERFACE mode=m_axi port=values bundle=gmem0 offset=slave depth=values_depth
        ^
SpMV.cpp:16:9: warning: HLS pragma dump _XLX_SEP_ PragmaIsValid=1_XLX_SEP_ PragmaType=interface_XLX_SEP_ PragmaContext=_XLX_SEP_ PragmaFunction=SpMV_XLX_SEP_ PragmaOptions=mode=m_axi port=columnIndexes bundle=gmem1 offset=slave depth=columnIndexes_depth_XLX_SEP_ [-Wdump-hls-pragmas]
#pragma HLS INTERFACE mode=m_axi port=columnIndexes bundle=gmem1 offset=slave depth=columnIndexes_depth
        ^
SpMV.cpp:17:9: warning: HLS pragma dump _XLX_SEP_ PragmaIsValid=1_XLX_SEP_ PragmaType=interface_XLX_SEP_ PragmaContext=_XLX_SEP_ PragmaFunction=SpMV_XLX_SEP_ PragmaOptions=mode=m_axi port=rowPointers bundle=gmem2 offset=slave depth=rowPointers_depth_XLX_SEP_ [-Wdump-hls-pragmas]
#pragma HLS INTERFACE mode=m_axi port=rowPointers bundle=gmem2 offset=slave depth=rowPointers_depth
        ^
SpMV.cpp:18:9: warning: HLS pragma dump _XLX_SEP_ PragmaIsValid=1_XLX_SEP_ PragmaType=interface_XLX_SEP_ PragmaContext=_XLX_SEP_ PragmaFunction=SpMV_XLX_SEP_ PragmaOptions=mode=m_axi port=vector bundle=gmem3 offset=slave depth=vector_depth_XLX_SEP_ [-Wdump-hls-pragmas]
#pragma HLS INTERFACE mode=m_axi port=vector bundle=gmem3 offset=slave depth=vector_depth
        ^
SpMV.cpp:19:9: warning: HLS pragma dump _XLX_SEP_ PragmaIsValid=1_XLX_SEP_ PragmaType=interface_XLX_SEP_ PragmaContext=_XLX_SEP_ PragmaFunction=SpMV_XLX_SEP_ PragmaOptions=mode=m_axi port=output bundle=gmem4 offset=slave depth=output_depth_XLX_SEP_ [-Wdump-hls-pragmas]
#pragma HLS INTERFACE mode=m_axi port=output bundle=gmem4 offset=slave depth=output_depth
        ^
SpMV.cpp:21:9: warning: HLS pragma dump _XLX_SEP_ PragmaIsValid=1_XLX_SEP_ PragmaType=interface_XLX_SEP_ PragmaContext=_XLX_SEP_ PragmaFunction=SpMV_XLX_SEP_ PragmaOptions=s_axilite port=values bundle=control_XLX_SEP_ [-Wdump-hls-pragmas]
#pragma HLS INTERFACE s_axilite port=values bundle=control
        ^
SpMV.cpp:22:9: warning: HLS pragma dump _XLX_SEP_ PragmaIsValid=1_XLX_SEP_ PragmaType=interface_XLX_SEP_ PragmaContext=_XLX_SEP_ PragmaFunction=SpMV_XLX_SEP_ PragmaOptions=s_axilite port=columnIndexes bundle=control_XLX_SEP_ [-Wdump-hls-pragmas]
#pragma HLS INTERFACE s_axilite port=columnIndexes bundle=control
        ^
SpMV.cpp:23:9: warning: HLS pragma dump _XLX_SEP_ PragmaIsValid=1_XLX_SEP_ PragmaType=interface_XLX_SEP_ PragmaContext=_XLX_SEP_ PragmaFunction=SpMV_XLX_SEP_ PragmaOptions=s_axilite port=rowPointers bundle=control_XLX_SEP_ [-Wdump-hls-pragmas]
#pragma HLS INTERFACE s_axilite port=rowPointers bundle=control
        ^
SpMV.cpp:24:9: warning: HLS pragma dump _XLX_SEP_ PragmaIsValid=1_XLX_SEP_ PragmaType=interface_XLX_SEP_ PragmaContext=_XLX_SEP_ PragmaFunction=SpMV_XLX_SEP_ PragmaOptions=s_axilite port=numOfRows bundle=control_XLX_SEP_ [-Wdump-hls-pragmas]
#pragma HLS INTERFACE s_axilite port=numOfRows bundle=control
        ^
SpMV.cpp:25:9: warning: HLS pragma dump _XLX_SEP_ PragmaIsValid=1_XLX_SEP_ PragmaType=interface_XLX_SEP_ PragmaContext=_XLX_SEP_ PragmaFunction=SpMV_XLX_SEP_ PragmaOptions=s_axilite port=vector bundle=control_XLX_SEP_ [-Wdump-hls-pragmas]
#pragma HLS INTERFACE s_axilite port=vector bundle=control
        ^
SpMV.cpp:26:9: warning: HLS pragma dump _XLX_SEP_ PragmaIsValid=1_XLX_SEP_ PragmaType=interface_XLX_SEP_ PragmaContext=_XLX_SEP_ PragmaFunction=SpMV_XLX_SEP_ PragmaOptions=s_axilite port=output bundle=control_XLX_SEP_ [-Wdump-hls-pragmas]
#pragma HLS INTERFACE s_axilite port=output bundle=control
        ^
SpMV.cpp:28:9: warning: HLS pragma dump _XLX_SEP_ PragmaIsValid=1_XLX_SEP_ PragmaType=interface_XLX_SEP_ PragmaContext=_XLX_SEP_ PragmaFunction=SpMV_XLX_SEP_ PragmaOptions=s_axilite port=return bundle=control_XLX_SEP_ [-Wdump-hls-pragmas]
#pragma HLS INTERFACE s_axilite port=return bundle=control
        ^
SpMV.cpp:31:9: warning: HLS pragma dump _XLX_SEP_ PragmaIsValid=1_XLX_SEP_ PragmaType=unroll_XLX_SEP_ PragmaContext=_XLX_SEP_ PragmaFunction=SpMV_XLX_SEP_ PragmaOptions=_XLX_SEP_ [-Wdump-hls-pragmas]
#pragma HLS UNROLL
        ^
SpMV.cpp:38:9: warning: HLS pragma dump _XLX_SEP_ PragmaIsValid=1_XLX_SEP_ PragmaType=pipeline_XLX_SEP_ PragmaContext=_XLX_SEP_ PragmaFunction=SpMV_XLX_SEP_ PragmaOptions=II=1_XLX_SEP_ [-Wdump-hls-pragmas]
#pragma HLS PIPELINE II=1
        ^
15 warnings generated.
